[2025-04-05T11:13:16.550+0000] {taskinstance.py:1083} INFO - Dependencies all met for <TaskInstance: alpha_vantage_pipeline.ingest_alpha_data manual__2025-04-05T11:13:14.349807+00:00 [queued]>
[2025-04-05T11:13:16.561+0000] {taskinstance.py:1083} INFO - Dependencies all met for <TaskInstance: alpha_vantage_pipeline.ingest_alpha_data manual__2025-04-05T11:13:14.349807+00:00 [queued]>
[2025-04-05T11:13:16.561+0000] {taskinstance.py:1279} INFO - 
--------------------------------------------------------------------------------
[2025-04-05T11:13:16.561+0000] {taskinstance.py:1280} INFO - Starting attempt 1 of 2
[2025-04-05T11:13:16.562+0000] {taskinstance.py:1281} INFO - 
--------------------------------------------------------------------------------
[2025-04-05T11:13:16.594+0000] {taskinstance.py:1300} INFO - Executing <Task(PythonOperator): ingest_alpha_data> on 2025-04-05 11:13:14.349807+00:00
[2025-04-05T11:13:16.616+0000] {standard_task_runner.py:55} INFO - Started process 192 to run task
[2025-04-05T11:13:16.627+0000] {standard_task_runner.py:82} INFO - Running: ['***', 'tasks', 'run', 'alpha_vantage_pipeline', 'ingest_alpha_data', 'manual__2025-04-05T11:13:14.349807+00:00', '--job-id', '133', '--raw', '--subdir', 'DAGS_FOLDER/alpha_vantage_pipeline.py', '--cfg-path', '/tmp/tmp1m6ad3k4']
[2025-04-05T11:13:16.629+0000] {standard_task_runner.py:83} INFO - Job 133: Subtask ingest_alpha_data
[2025-04-05T11:13:16.725+0000] {task_command.py:388} INFO - Running <TaskInstance: alpha_vantage_pipeline.ingest_alpha_data manual__2025-04-05T11:13:14.349807+00:00 [running]> on host 31979a116a32
[2025-04-05T11:13:16.852+0000] {taskinstance.py:1509} INFO - Exporting the following env vars:
AIRFLOW_CTX_DAG_OWNER=***
AIRFLOW_CTX_DAG_ID=alpha_vantage_pipeline
AIRFLOW_CTX_TASK_ID=ingest_alpha_data
AIRFLOW_CTX_EXECUTION_DATE=2025-04-05T11:13:14.349807+00:00
AIRFLOW_CTX_TRY_NUMBER=1
AIRFLOW_CTX_DAG_RUN_ID=manual__2025-04-05T11:13:14.349807+00:00
[2025-04-05T11:13:18.198+0000] {logging_mixin.py:137} INFO - [INFO] Uploaded USO -> raw/alpha_vantage/USO/2025-04-05-11-13.csv
[2025-04-05T11:13:19.043+0000] {logging_mixin.py:137} INFO - [INFO] Uploaded AAPL -> raw/alpha_vantage/AAPL/2025-04-05-11-13.csv
[2025-04-05T11:13:20.255+0000] {logging_mixin.py:137} INFO - [INFO] Uploaded QQQ -> raw/alpha_vantage/QQQ/2025-04-05-11-13.csv
[2025-04-05T11:13:20.509+0000] {logging_mixin.py:137} INFO - [WARN] AUD/CNY no data: {'Information': 'Thank you for using Alpha Vantage! This is a premium endpoint. You may subscribe to any of the premium plans at https://www.alphavantage.co/premium/ to instantly unlock all premium endpoints'}
[2025-04-05T11:13:20.758+0000] {logging_mixin.py:137} INFO - [WARN] USD/CNY no data: {'Information': 'Thank you for using Alpha Vantage! This is a premium endpoint. You may subscribe to any of the premium plans at https://www.alphavantage.co/premium/ to instantly unlock all premium endpoints'}
[2025-04-05T11:13:20.758+0000] {python.py:177} INFO - Done. Returned value was: None
[2025-04-05T11:13:20.769+0000] {taskinstance.py:1323} INFO - Marking task as SUCCESS. dag_id=alpha_vantage_pipeline, task_id=ingest_alpha_data, execution_date=20250405T111314, start_date=20250405T111316, end_date=20250405T111320
[2025-04-05T11:13:20.806+0000] {local_task_job.py:208} INFO - Task exited with return code 0
[2025-04-05T11:13:20.833+0000] {taskinstance.py:2578} INFO - 1 downstream tasks scheduled from follow-on schedule check
