[2025-04-05T23:49:15.020+0000] {taskinstance.py:1083} INFO - Dependencies all met for <TaskInstance: alpha_vantage_pipeline.spark_transform manual__2025-04-05T23:49:09.493360+00:00 [queued]>
[2025-04-05T23:49:15.052+0000] {taskinstance.py:1083} INFO - Dependencies all met for <TaskInstance: alpha_vantage_pipeline.spark_transform manual__2025-04-05T23:49:09.493360+00:00 [queued]>
[2025-04-05T23:49:15.053+0000] {taskinstance.py:1279} INFO - 
--------------------------------------------------------------------------------
[2025-04-05T23:49:15.053+0000] {taskinstance.py:1280} INFO - Starting attempt 1 of 2
[2025-04-05T23:49:15.054+0000] {taskinstance.py:1281} INFO - 
--------------------------------------------------------------------------------
[2025-04-05T23:49:15.112+0000] {taskinstance.py:1300} INFO - Executing <Task(PythonOperator): spark_transform> on 2025-04-05 23:49:09.493360+00:00
[2025-04-05T23:49:15.133+0000] {standard_task_runner.py:55} INFO - Started process 228 to run task
[2025-04-05T23:49:15.140+0000] {standard_task_runner.py:82} INFO - Running: ['***', 'tasks', 'run', 'alpha_vantage_pipeline', 'spark_transform', 'manual__2025-04-05T23:49:09.493360+00:00', '--job-id', '222', '--raw', '--subdir', 'DAGS_FOLDER/alpha_vantage_pipeline.py', '--cfg-path', '/tmp/tmpiie3ui1z']
[2025-04-05T23:49:15.153+0000] {standard_task_runner.py:83} INFO - Job 222: Subtask spark_transform
[2025-04-05T23:49:15.408+0000] {task_command.py:388} INFO - Running <TaskInstance: alpha_vantage_pipeline.spark_transform manual__2025-04-05T23:49:09.493360+00:00 [running]> on host cb03ac813080
[2025-04-05T23:49:15.661+0000] {taskinstance.py:1509} INFO - Exporting the following env vars:
AIRFLOW_CTX_DAG_OWNER=***
AIRFLOW_CTX_DAG_ID=alpha_vantage_pipeline
AIRFLOW_CTX_TASK_ID=spark_transform
AIRFLOW_CTX_EXECUTION_DATE=2025-04-05T23:49:09.493360+00:00
AIRFLOW_CTX_TRY_NUMBER=1
AIRFLOW_CTX_DAG_RUN_ID=manual__2025-04-05T23:49:09.493360+00:00
[2025-04-05T23:49:19.881+0000] {python.py:177} INFO - Done. Returned value was: None
[2025-04-05T23:49:19.898+0000] {taskinstance.py:1323} INFO - Marking task as SUCCESS. dag_id=alpha_vantage_pipeline, task_id=spark_transform, execution_date=20250405T234909, start_date=20250405T234915, end_date=20250405T234919
[2025-04-05T23:49:19.936+0000] {local_task_job.py:208} INFO - Task exited with return code 0
[2025-04-05T23:49:19.965+0000] {taskinstance.py:2578} INFO - 1 downstream tasks scheduled from follow-on schedule check
