[2025-04-06T01:00:50.350+0000] {taskinstance.py:1083} INFO - Dependencies all met for <TaskInstance: alpha_vantage_pipeline.analysis_task scheduled__2025-04-06T00:30:00+00:00 [queued]>
[2025-04-06T01:00:50.372+0000] {taskinstance.py:1083} INFO - Dependencies all met for <TaskInstance: alpha_vantage_pipeline.analysis_task scheduled__2025-04-06T00:30:00+00:00 [queued]>
[2025-04-06T01:00:50.372+0000] {taskinstance.py:1279} INFO - 
--------------------------------------------------------------------------------
[2025-04-06T01:00:50.372+0000] {taskinstance.py:1280} INFO - Starting attempt 1 of 2
[2025-04-06T01:00:50.373+0000] {taskinstance.py:1281} INFO - 
--------------------------------------------------------------------------------
[2025-04-06T01:00:50.412+0000] {taskinstance.py:1300} INFO - Executing <Task(PythonOperator): analysis_task> on 2025-04-06 00:30:00+00:00
[2025-04-06T01:00:50.457+0000] {standard_task_runner.py:55} INFO - Started process 265 to run task
[2025-04-06T01:00:50.473+0000] {standard_task_runner.py:82} INFO - Running: ['***', 'tasks', 'run', 'alpha_vantage_pipeline', 'analysis_task', 'scheduled__2025-04-06T00:30:00+00:00', '--job-id', '259', '--raw', '--subdir', 'DAGS_FOLDER/alpha_vantage_pipeline.py', '--cfg-path', '/tmp/tmpib_7j11o']
[2025-04-06T01:00:50.487+0000] {standard_task_runner.py:83} INFO - Job 259: Subtask analysis_task
[2025-04-06T01:00:50.608+0000] {task_command.py:388} INFO - Running <TaskInstance: alpha_vantage_pipeline.analysis_task scheduled__2025-04-06T00:30:00+00:00 [running]> on host aca641349d5d
[2025-04-06T01:00:50.696+0000] {taskinstance.py:1509} INFO - Exporting the following env vars:
AIRFLOW_CTX_DAG_OWNER=***
AIRFLOW_CTX_DAG_ID=alpha_vantage_pipeline
AIRFLOW_CTX_TASK_ID=analysis_task
AIRFLOW_CTX_EXECUTION_DATE=2025-04-06T00:30:00+00:00
AIRFLOW_CTX_TRY_NUMBER=1
AIRFLOW_CTX_DAG_RUN_ID=scheduled__2025-04-06T00:30:00+00:00
[2025-04-06T01:00:52.325+0000] {logging_mixin.py:137} INFO - Symbol: AAPL Average Close: 206.538802
[2025-04-06T01:00:52.325+0000] {python.py:177} INFO - Done. Returned value was: None
[2025-04-06T01:00:52.336+0000] {taskinstance.py:1323} INFO - Marking task as SUCCESS. dag_id=alpha_vantage_pipeline, task_id=analysis_task, execution_date=20250406T003000, start_date=20250406T010050, end_date=20250406T010052
[2025-04-06T01:00:52.367+0000] {local_task_job.py:208} INFO - Task exited with return code 0
[2025-04-06T01:00:52.409+0000] {taskinstance.py:2578} INFO - 0 downstream tasks scheduled from follow-on schedule check
