[2025-04-05T11:12:35.711+0000] {taskinstance.py:1083} INFO - Dependencies all met for <TaskInstance: alpha_vantage_pipeline.load_to_bq manual__2025-04-05T11:06:02.963772+00:00 [queued]>
[2025-04-05T11:12:35.754+0000] {taskinstance.py:1083} INFO - Dependencies all met for <TaskInstance: alpha_vantage_pipeline.load_to_bq manual__2025-04-05T11:06:02.963772+00:00 [queued]>
[2025-04-05T11:12:35.755+0000] {taskinstance.py:1279} INFO - 
--------------------------------------------------------------------------------
[2025-04-05T11:12:35.755+0000] {taskinstance.py:1280} INFO - Starting attempt 2 of 2
[2025-04-05T11:12:35.756+0000] {taskinstance.py:1281} INFO - 
--------------------------------------------------------------------------------
[2025-04-05T11:12:35.819+0000] {taskinstance.py:1300} INFO - Executing <Task(GCSToBigQueryOperator): load_to_bq> on 2025-04-05 11:06:02.963772+00:00
[2025-04-05T11:12:35.842+0000] {standard_task_runner.py:55} INFO - Started process 175 to run task
[2025-04-05T11:12:35.854+0000] {standard_task_runner.py:82} INFO - Running: ['***', 'tasks', 'run', 'alpha_vantage_pipeline', 'load_to_bq', 'manual__2025-04-05T11:06:02.963772+00:00', '--job-id', '131', '--raw', '--subdir', 'DAGS_FOLDER/alpha_vantage_pipeline.py', '--cfg-path', '/tmp/tmpk3lmmsae']
[2025-04-05T11:12:35.861+0000] {standard_task_runner.py:83} INFO - Job 131: Subtask load_to_bq
[2025-04-05T11:12:36.131+0000] {task_command.py:388} INFO - Running <TaskInstance: alpha_vantage_pipeline.load_to_bq manual__2025-04-05T11:06:02.963772+00:00 [running]> on host 31979a116a32
[2025-04-05T11:12:36.605+0000] {taskinstance.py:1509} INFO - Exporting the following env vars:
AIRFLOW_CTX_DAG_OWNER=***
AIRFLOW_CTX_DAG_ID=alpha_vantage_pipeline
AIRFLOW_CTX_TASK_ID=load_to_bq
AIRFLOW_CTX_EXECUTION_DATE=2025-04-05T11:06:02.963772+00:00
AIRFLOW_CTX_TRY_NUMBER=2
AIRFLOW_CTX_DAG_RUN_ID=manual__2025-04-05T11:06:02.963772+00:00
[2025-04-05T11:12:36.648+0000] {base.py:73} INFO - Using connection ID 'google_cloud_default' for task execution.
[2025-04-05T11:12:36.649+0000] {gcs_to_bigquery.py:377} INFO - Using existing BigQuery table for storing data...
[2025-04-05T11:12:36.649+0000] {credentials_provider.py:323} INFO - Getting connection using `google.auth.default()` since no key file is defined for hook.
[2025-04-05T11:12:36.859+0000] {gcs_to_bigquery.py:381} INFO - Executing: {'load': {'autodetect': True, 'createDisposition': 'CREATE_IF_NEEDED', 'destinationTable': {'projectId': 'finflow-455108', 'datasetId': 'my_dataset', 'tableId': 'final_table'}, 'sourceFormat': 'CSV', 'sourceUris': ['gs://finflow-455108-data-lake/raw/alpha_vantage/*.csv'], 'writeDisposition': 'WRITE_TRUNCATE', 'ignoreUnknownValues': False, 'skipLeadingRows': None, 'fieldDelimiter': ',', 'quote': None, 'allowQuotedNewlines': False, 'encoding': 'UTF-8'}}
[2025-04-05T11:12:36.861+0000] {bigquery.py:1542} INFO - Inserting job ***_alpha_vantage_pipeline_load_to_bq_2025_04_05T11_06_02_963772_00_00_483a1c2199c71b88484151f326d759e4
[2025-04-05T11:12:43.103+0000] {taskinstance.py:1323} INFO - Marking task as SUCCESS. dag_id=alpha_vantage_pipeline, task_id=load_to_bq, execution_date=20250405T110602, start_date=20250405T111235, end_date=20250405T111243
[2025-04-05T11:12:43.188+0000] {local_task_job.py:208} INFO - Task exited with return code 0
[2025-04-05T11:12:43.273+0000] {taskinstance.py:2578} INFO - 1 downstream tasks scheduled from follow-on schedule check
