[2025-04-05T07:30:01.145+0000] {taskinstance.py:1083} INFO - Dependencies all met for <TaskInstance: alpha_vantage_pipeline.ingest_alpha_data scheduled__2025-04-05T07:00:00+00:00 [queued]>
[2025-04-05T07:30:01.153+0000] {taskinstance.py:1083} INFO - Dependencies all met for <TaskInstance: alpha_vantage_pipeline.ingest_alpha_data scheduled__2025-04-05T07:00:00+00:00 [queued]>
[2025-04-05T07:30:01.153+0000] {taskinstance.py:1279} INFO - 
--------------------------------------------------------------------------------
[2025-04-05T07:30:01.153+0000] {taskinstance.py:1280} INFO - Starting attempt 1 of 2
[2025-04-05T07:30:01.153+0000] {taskinstance.py:1281} INFO - 
--------------------------------------------------------------------------------
[2025-04-05T07:30:01.164+0000] {taskinstance.py:1300} INFO - Executing <Task(PythonOperator): ingest_alpha_data> on 2025-04-05 07:00:00+00:00
[2025-04-05T07:30:01.173+0000] {standard_task_runner.py:55} INFO - Started process 940 to run task
[2025-04-05T07:30:01.176+0000] {standard_task_runner.py:82} INFO - Running: ['***', 'tasks', 'run', 'alpha_vantage_pipeline', 'ingest_alpha_data', 'scheduled__2025-04-05T07:00:00+00:00', '--job-id', '30', '--raw', '--subdir', 'DAGS_FOLDER/alpha_vantage_pipeline.py', '--cfg-path', '/tmp/tmpyc6loz50']
[2025-04-05T07:30:01.177+0000] {standard_task_runner.py:83} INFO - Job 30: Subtask ingest_alpha_data
[2025-04-05T07:30:01.239+0000] {task_command.py:388} INFO - Running <TaskInstance: alpha_vantage_pipeline.ingest_alpha_data scheduled__2025-04-05T07:00:00+00:00 [running]> on host 4cd87f052cac
[2025-04-05T07:30:01.305+0000] {taskinstance.py:1509} INFO - Exporting the following env vars:
AIRFLOW_CTX_DAG_OWNER=***
AIRFLOW_CTX_DAG_ID=alpha_vantage_pipeline
AIRFLOW_CTX_TASK_ID=ingest_alpha_data
AIRFLOW_CTX_EXECUTION_DATE=2025-04-05T07:00:00+00:00
AIRFLOW_CTX_TRY_NUMBER=1
AIRFLOW_CTX_DAG_RUN_ID=scheduled__2025-04-05T07:00:00+00:00
[2025-04-05T07:30:03.098+0000] {logging_mixin.py:137} INFO - [INFO] Uploaded USO -> raw/alpha_vantage/USO/2025-04-05-07-30.csv
[2025-04-05T07:30:04.260+0000] {logging_mixin.py:137} INFO - [INFO] Uploaded AAPL -> raw/alpha_vantage/AAPL/2025-04-05-07-30.csv
[2025-04-05T07:30:05.132+0000] {logging_mixin.py:137} INFO - [INFO] Uploaded QQQ -> raw/alpha_vantage/QQQ/2025-04-05-07-30.csv
[2025-04-05T07:30:05.429+0000] {logging_mixin.py:137} INFO - [WARN] AUD/CNY no data: {'Information': 'Thank you for using Alpha Vantage! This is a premium endpoint. You may subscribe to any of the premium plans at https://www.alphavantage.co/premium/ to instantly unlock all premium endpoints'}
[2025-04-05T07:30:06.128+0000] {logging_mixin.py:137} INFO - [WARN] USD/CNY no data: {'Information': 'Thank you for using Alpha Vantage! This is a premium endpoint. You may subscribe to any of the premium plans at https://www.alphavantage.co/premium/ to instantly unlock all premium endpoints'}
[2025-04-05T07:30:06.129+0000] {python.py:177} INFO - Done. Returned value was: None
[2025-04-05T07:30:06.139+0000] {taskinstance.py:1323} INFO - Marking task as SUCCESS. dag_id=alpha_vantage_pipeline, task_id=ingest_alpha_data, execution_date=20250405T070000, start_date=20250405T073001, end_date=20250405T073006
[2025-04-05T07:30:06.165+0000] {local_task_job.py:208} INFO - Task exited with return code 0
[2025-04-05T07:30:06.192+0000] {taskinstance.py:2578} INFO - 1 downstream tasks scheduled from follow-on schedule check
