[2025-04-05T12:30:09.585+0000] {taskinstance.py:1083} INFO - Dependencies all met for <TaskInstance: alpha_vantage_pipeline.dbt_run scheduled__2025-04-05T12:00:00+00:00 [queued]>
[2025-04-05T12:30:09.592+0000] {taskinstance.py:1083} INFO - Dependencies all met for <TaskInstance: alpha_vantage_pipeline.dbt_run scheduled__2025-04-05T12:00:00+00:00 [queued]>
[2025-04-05T12:30:09.592+0000] {taskinstance.py:1279} INFO - 
--------------------------------------------------------------------------------
[2025-04-05T12:30:09.592+0000] {taskinstance.py:1280} INFO - Starting attempt 1 of 2
[2025-04-05T12:30:09.593+0000] {taskinstance.py:1281} INFO - 
--------------------------------------------------------------------------------
[2025-04-05T12:30:09.603+0000] {taskinstance.py:1300} INFO - Executing <Task(PythonOperator): dbt_run> on 2025-04-05 12:00:00+00:00
[2025-04-05T12:30:09.611+0000] {standard_task_runner.py:55} INFO - Started process 797 to run task
[2025-04-05T12:30:09.614+0000] {standard_task_runner.py:82} INFO - Running: ['***', 'tasks', 'run', 'alpha_vantage_pipeline', 'dbt_run', 'scheduled__2025-04-05T12:00:00+00:00', '--job-id', '165', '--raw', '--subdir', 'DAGS_FOLDER/alpha_vantage_pipeline.py', '--cfg-path', '/tmp/tmpe650bhsj']
[2025-04-05T12:30:09.615+0000] {standard_task_runner.py:83} INFO - Job 165: Subtask dbt_run
[2025-04-05T12:30:09.671+0000] {task_command.py:388} INFO - Running <TaskInstance: alpha_vantage_pipeline.dbt_run scheduled__2025-04-05T12:00:00+00:00 [running]> on host d8a7f900a551
[2025-04-05T12:30:09.732+0000] {taskinstance.py:1509} INFO - Exporting the following env vars:
AIRFLOW_CTX_DAG_OWNER=***
AIRFLOW_CTX_DAG_ID=alpha_vantage_pipeline
AIRFLOW_CTX_TASK_ID=dbt_run
AIRFLOW_CTX_EXECUTION_DATE=2025-04-05T12:00:00+00:00
AIRFLOW_CTX_TRY_NUMBER=1
AIRFLOW_CTX_DAG_RUN_ID=scheduled__2025-04-05T12:00:00+00:00
[2025-04-05T12:30:14.724+0000] {python.py:177} INFO - Done. Returned value was: None
[2025-04-05T12:30:14.739+0000] {taskinstance.py:1323} INFO - Marking task as SUCCESS. dag_id=alpha_vantage_pipeline, task_id=dbt_run, execution_date=20250405T120000, start_date=20250405T123009, end_date=20250405T123014
[2025-04-05T12:30:14.788+0000] {local_task_job.py:208} INFO - Task exited with return code 0
[2025-04-05T12:30:14.813+0000] {taskinstance.py:2578} INFO - 1 downstream tasks scheduled from follow-on schedule check
