[2025-04-05T23:31:16.904+0000] {taskinstance.py:1083} INFO - Dependencies all met for <TaskInstance: alpha_vantage_pipeline.dbt_run scheduled__2025-04-05T23:00:00+00:00 [queued]>
[2025-04-05T23:31:16.919+0000] {taskinstance.py:1083} INFO - Dependencies all met for <TaskInstance: alpha_vantage_pipeline.dbt_run scheduled__2025-04-05T23:00:00+00:00 [queued]>
[2025-04-05T23:31:16.919+0000] {taskinstance.py:1279} INFO - 
--------------------------------------------------------------------------------
[2025-04-05T23:31:16.920+0000] {taskinstance.py:1280} INFO - Starting attempt 1 of 2
[2025-04-05T23:31:16.920+0000] {taskinstance.py:1281} INFO - 
--------------------------------------------------------------------------------
[2025-04-05T23:31:16.941+0000] {taskinstance.py:1300} INFO - Executing <Task(PythonOperator): dbt_run> on 2025-04-05 23:00:00+00:00
[2025-04-05T23:31:16.953+0000] {standard_task_runner.py:55} INFO - Started process 258 to run task
[2025-04-05T23:31:16.957+0000] {standard_task_runner.py:82} INFO - Running: ['***', 'tasks', 'run', 'alpha_vantage_pipeline', 'dbt_run', 'scheduled__2025-04-05T23:00:00+00:00', '--job-id', '216', '--raw', '--subdir', 'DAGS_FOLDER/alpha_vantage_pipeline.py', '--cfg-path', '/tmp/tmpafr9e68u']
[2025-04-05T23:31:16.960+0000] {standard_task_runner.py:83} INFO - Job 216: Subtask dbt_run
[2025-04-05T23:31:17.026+0000] {task_command.py:388} INFO - Running <TaskInstance: alpha_vantage_pipeline.dbt_run scheduled__2025-04-05T23:00:00+00:00 [running]> on host cb03ac813080
[2025-04-05T23:31:17.102+0000] {taskinstance.py:1509} INFO - Exporting the following env vars:
AIRFLOW_CTX_DAG_OWNER=***
AIRFLOW_CTX_DAG_ID=alpha_vantage_pipeline
AIRFLOW_CTX_TASK_ID=dbt_run
AIRFLOW_CTX_EXECUTION_DATE=2025-04-05T23:00:00+00:00
AIRFLOW_CTX_TRY_NUMBER=1
AIRFLOW_CTX_DAG_RUN_ID=scheduled__2025-04-05T23:00:00+00:00
[2025-04-05T23:31:22.823+0000] {python.py:177} INFO - Done. Returned value was: None
[2025-04-05T23:31:22.844+0000] {taskinstance.py:1323} INFO - Marking task as SUCCESS. dag_id=alpha_vantage_pipeline, task_id=dbt_run, execution_date=20250405T230000, start_date=20250405T233116, end_date=20250405T233122
[2025-04-05T23:31:22.883+0000] {local_task_job.py:208} INFO - Task exited with return code 0
[2025-04-05T23:31:22.922+0000] {taskinstance.py:2578} INFO - 1 downstream tasks scheduled from follow-on schedule check
