[2025-04-05T11:13:35.553+0000] {taskinstance.py:1083} INFO - Dependencies all met for <TaskInstance: alpha_vantage_pipeline.load_to_bq manual__2025-04-05T11:13:14.349807+00:00 [queued]>
[2025-04-05T11:13:35.561+0000] {taskinstance.py:1083} INFO - Dependencies all met for <TaskInstance: alpha_vantage_pipeline.load_to_bq manual__2025-04-05T11:13:14.349807+00:00 [queued]>
[2025-04-05T11:13:35.561+0000] {taskinstance.py:1279} INFO - 
--------------------------------------------------------------------------------
[2025-04-05T11:13:35.561+0000] {taskinstance.py:1280} INFO - Starting attempt 1 of 2
[2025-04-05T11:13:35.561+0000] {taskinstance.py:1281} INFO - 
--------------------------------------------------------------------------------
[2025-04-05T11:13:35.573+0000] {taskinstance.py:1300} INFO - Executing <Task(GCSToBigQueryOperator): load_to_bq> on 2025-04-05 11:13:14.349807+00:00
[2025-04-05T11:13:35.581+0000] {standard_task_runner.py:55} INFO - Started process 271 to run task
[2025-04-05T11:13:35.584+0000] {standard_task_runner.py:82} INFO - Running: ['***', 'tasks', 'run', 'alpha_vantage_pipeline', 'load_to_bq', 'manual__2025-04-05T11:13:14.349807+00:00', '--job-id', '136', '--raw', '--subdir', 'DAGS_FOLDER/alpha_vantage_pipeline.py', '--cfg-path', '/tmp/tmpz4ifkkgx']
[2025-04-05T11:13:35.585+0000] {standard_task_runner.py:83} INFO - Job 136: Subtask load_to_bq
[2025-04-05T11:13:35.642+0000] {task_command.py:388} INFO - Running <TaskInstance: alpha_vantage_pipeline.load_to_bq manual__2025-04-05T11:13:14.349807+00:00 [running]> on host 31979a116a32
[2025-04-05T11:13:35.706+0000] {taskinstance.py:1509} INFO - Exporting the following env vars:
AIRFLOW_CTX_DAG_OWNER=***
AIRFLOW_CTX_DAG_ID=alpha_vantage_pipeline
AIRFLOW_CTX_TASK_ID=load_to_bq
AIRFLOW_CTX_EXECUTION_DATE=2025-04-05T11:13:14.349807+00:00
AIRFLOW_CTX_TRY_NUMBER=1
AIRFLOW_CTX_DAG_RUN_ID=manual__2025-04-05T11:13:14.349807+00:00
[2025-04-05T11:13:35.716+0000] {base.py:73} INFO - Using connection ID 'google_cloud_default' for task execution.
[2025-04-05T11:13:35.717+0000] {gcs_to_bigquery.py:377} INFO - Using existing BigQuery table for storing data...
[2025-04-05T11:13:35.717+0000] {credentials_provider.py:323} INFO - Getting connection using `google.auth.default()` since no key file is defined for hook.
[2025-04-05T11:13:35.764+0000] {gcs_to_bigquery.py:381} INFO - Executing: {'load': {'autodetect': True, 'createDisposition': 'CREATE_IF_NEEDED', 'destinationTable': {'projectId': 'finflow-455108', 'datasetId': 'my_dataset', 'tableId': 'final_table'}, 'sourceFormat': 'CSV', 'sourceUris': ['gs://finflow-455108-data-lake/raw/alpha_vantage/*.csv'], 'writeDisposition': 'WRITE_TRUNCATE', 'ignoreUnknownValues': False, 'skipLeadingRows': None, 'fieldDelimiter': ',', 'quote': None, 'allowQuotedNewlines': False, 'encoding': 'UTF-8'}}
[2025-04-05T11:13:35.765+0000] {bigquery.py:1542} INFO - Inserting job ***_alpha_vantage_pipeline_load_to_bq_2025_04_05T11_13_14_349807_00_00_c421bb75d043404687f7f43a6cee06ac
[2025-04-05T11:13:43.221+0000] {taskinstance.py:1323} INFO - Marking task as SUCCESS. dag_id=alpha_vantage_pipeline, task_id=load_to_bq, execution_date=20250405T111314, start_date=20250405T111335, end_date=20250405T111343
[2025-04-05T11:13:43.257+0000] {local_task_job.py:208} INFO - Task exited with return code 0
[2025-04-05T11:13:43.277+0000] {taskinstance.py:2578} INFO - 1 downstream tasks scheduled from follow-on schedule check
