[2025-04-05T08:56:24.079+0000] {taskinstance.py:1083} INFO - Dependencies all met for <TaskInstance: alpha_vantage_pipeline.dbt_run manual__2025-04-05T08:56:11.697586+00:00 [queued]>
[2025-04-05T08:56:24.094+0000] {taskinstance.py:1083} INFO - Dependencies all met for <TaskInstance: alpha_vantage_pipeline.dbt_run manual__2025-04-05T08:56:11.697586+00:00 [queued]>
[2025-04-05T08:56:24.095+0000] {taskinstance.py:1279} INFO - 
--------------------------------------------------------------------------------
[2025-04-05T08:56:24.095+0000] {taskinstance.py:1280} INFO - Starting attempt 1 of 2
[2025-04-05T08:56:24.095+0000] {taskinstance.py:1281} INFO - 
--------------------------------------------------------------------------------
[2025-04-05T08:56:24.112+0000] {taskinstance.py:1300} INFO - Executing <Task(PythonOperator): dbt_run> on 2025-04-05 08:56:11.697586+00:00
[2025-04-05T08:56:24.127+0000] {standard_task_runner.py:55} INFO - Started process 251 to run task
[2025-04-05T08:56:24.133+0000] {standard_task_runner.py:82} INFO - Running: ['***', 'tasks', 'run', 'alpha_vantage_pipeline', 'dbt_run', 'manual__2025-04-05T08:56:11.697586+00:00', '--job-id', '75', '--raw', '--subdir', 'DAGS_FOLDER/alpha_vantage_pipeline.py', '--cfg-path', '/tmp/tmpnzltnd4x']
[2025-04-05T08:56:24.135+0000] {standard_task_runner.py:83} INFO - Job 75: Subtask dbt_run
[2025-04-05T08:56:24.217+0000] {task_command.py:388} INFO - Running <TaskInstance: alpha_vantage_pipeline.dbt_run manual__2025-04-05T08:56:11.697586+00:00 [running]> on host f3d042561a09
[2025-04-05T08:56:24.377+0000] {taskinstance.py:1509} INFO - Exporting the following env vars:
AIRFLOW_CTX_DAG_OWNER=***
AIRFLOW_CTX_DAG_ID=alpha_vantage_pipeline
AIRFLOW_CTX_TASK_ID=dbt_run
AIRFLOW_CTX_EXECUTION_DATE=2025-04-05T08:56:11.697586+00:00
AIRFLOW_CTX_TRY_NUMBER=1
AIRFLOW_CTX_DAG_RUN_ID=manual__2025-04-05T08:56:11.697586+00:00
[2025-04-05T08:56:35.335+0000] {python.py:177} INFO - Done. Returned value was: None
[2025-04-05T08:56:35.355+0000] {taskinstance.py:1323} INFO - Marking task as SUCCESS. dag_id=alpha_vantage_pipeline, task_id=dbt_run, execution_date=20250405T085611, start_date=20250405T085624, end_date=20250405T085635
[2025-04-05T08:56:35.422+0000] {local_task_job.py:208} INFO - Task exited with return code 0
[2025-04-05T08:56:35.466+0000] {taskinstance.py:2578} INFO - 1 downstream tasks scheduled from follow-on schedule check
