[2025-04-05T07:30:06.976+0000] {taskinstance.py:1083} INFO - Dependencies all met for <TaskInstance: alpha_vantage_pipeline.spark_transform scheduled__2025-04-05T07:00:00+00:00 [queued]>
[2025-04-05T07:30:06.984+0000] {taskinstance.py:1083} INFO - Dependencies all met for <TaskInstance: alpha_vantage_pipeline.spark_transform scheduled__2025-04-05T07:00:00+00:00 [queued]>
[2025-04-05T07:30:06.984+0000] {taskinstance.py:1279} INFO - 
--------------------------------------------------------------------------------
[2025-04-05T07:30:06.985+0000] {taskinstance.py:1280} INFO - Starting attempt 1 of 2
[2025-04-05T07:30:06.985+0000] {taskinstance.py:1281} INFO - 
--------------------------------------------------------------------------------
[2025-04-05T07:30:06.996+0000] {taskinstance.py:1300} INFO - Executing <Task(PythonOperator): spark_transform> on 2025-04-05 07:00:00+00:00
[2025-04-05T07:30:07.004+0000] {standard_task_runner.py:55} INFO - Started process 943 to run task
[2025-04-05T07:30:07.007+0000] {standard_task_runner.py:82} INFO - Running: ['***', 'tasks', 'run', 'alpha_vantage_pipeline', 'spark_transform', 'scheduled__2025-04-05T07:00:00+00:00', '--job-id', '31', '--raw', '--subdir', 'DAGS_FOLDER/alpha_vantage_pipeline.py', '--cfg-path', '/tmp/tmp3p172smi']
[2025-04-05T07:30:07.008+0000] {standard_task_runner.py:83} INFO - Job 31: Subtask spark_transform
[2025-04-05T07:30:07.069+0000] {task_command.py:388} INFO - Running <TaskInstance: alpha_vantage_pipeline.spark_transform scheduled__2025-04-05T07:00:00+00:00 [running]> on host 4cd87f052cac
[2025-04-05T07:30:07.138+0000] {taskinstance.py:1509} INFO - Exporting the following env vars:
AIRFLOW_CTX_DAG_OWNER=***
AIRFLOW_CTX_DAG_ID=alpha_vantage_pipeline
AIRFLOW_CTX_TASK_ID=spark_transform
AIRFLOW_CTX_EXECUTION_DATE=2025-04-05T07:00:00+00:00
AIRFLOW_CTX_TRY_NUMBER=1
AIRFLOW_CTX_DAG_RUN_ID=scheduled__2025-04-05T07:00:00+00:00
[2025-04-05T07:30:10.109+0000] {python.py:177} INFO - Done. Returned value was: None
[2025-04-05T07:30:10.123+0000] {taskinstance.py:1323} INFO - Marking task as SUCCESS. dag_id=alpha_vantage_pipeline, task_id=spark_transform, execution_date=20250405T070000, start_date=20250405T073006, end_date=20250405T073010
[2025-04-05T07:30:10.182+0000] {local_task_job.py:208} INFO - Task exited with return code 0
[2025-04-05T07:30:10.210+0000] {taskinstance.py:2578} INFO - 1 downstream tasks scheduled from follow-on schedule check
