[2025-04-05T10:55:19.551+0000] {taskinstance.py:1083} INFO - Dependencies all met for <TaskInstance: alpha_vantage_pipeline.ingest_alpha_data manual__2025-04-05T10:55:18.001889+00:00 [queued]>
[2025-04-05T10:55:19.558+0000] {taskinstance.py:1083} INFO - Dependencies all met for <TaskInstance: alpha_vantage_pipeline.ingest_alpha_data manual__2025-04-05T10:55:18.001889+00:00 [queued]>
[2025-04-05T10:55:19.558+0000] {taskinstance.py:1279} INFO - 
--------------------------------------------------------------------------------
[2025-04-05T10:55:19.558+0000] {taskinstance.py:1280} INFO - Starting attempt 1 of 2
[2025-04-05T10:55:19.558+0000] {taskinstance.py:1281} INFO - 
--------------------------------------------------------------------------------
[2025-04-05T10:55:19.569+0000] {taskinstance.py:1300} INFO - Executing <Task(PythonOperator): ingest_alpha_data> on 2025-04-05 10:55:18.001889+00:00
[2025-04-05T10:55:19.577+0000] {standard_task_runner.py:55} INFO - Started process 185 to run task
[2025-04-05T10:55:19.580+0000] {standard_task_runner.py:82} INFO - Running: ['***', 'tasks', 'run', 'alpha_vantage_pipeline', 'ingest_alpha_data', 'manual__2025-04-05T10:55:18.001889+00:00', '--job-id', '110', '--raw', '--subdir', 'DAGS_FOLDER/alpha_vantage_pipeline.py', '--cfg-path', '/tmp/tmpmh8ix9cs']
[2025-04-05T10:55:19.581+0000] {standard_task_runner.py:83} INFO - Job 110: Subtask ingest_alpha_data
[2025-04-05T10:55:19.639+0000] {task_command.py:388} INFO - Running <TaskInstance: alpha_vantage_pipeline.ingest_alpha_data manual__2025-04-05T10:55:18.001889+00:00 [running]> on host eccb4f050c52
[2025-04-05T10:55:19.749+0000] {taskinstance.py:1509} INFO - Exporting the following env vars:
AIRFLOW_CTX_DAG_OWNER=***
AIRFLOW_CTX_DAG_ID=alpha_vantage_pipeline
AIRFLOW_CTX_TASK_ID=ingest_alpha_data
AIRFLOW_CTX_EXECUTION_DATE=2025-04-05T10:55:18.001889+00:00
AIRFLOW_CTX_TRY_NUMBER=1
AIRFLOW_CTX_DAG_RUN_ID=manual__2025-04-05T10:55:18.001889+00:00
[2025-04-05T10:55:21.122+0000] {logging_mixin.py:137} INFO - [INFO] Uploaded USO -> raw/alpha_vantage/USO/2025-04-05-10-55.csv
[2025-04-05T10:55:22.002+0000] {logging_mixin.py:137} INFO - [INFO] Uploaded AAPL -> raw/alpha_vantage/AAPL/2025-04-05-10-55.csv
[2025-04-05T10:55:22.736+0000] {logging_mixin.py:137} INFO - [INFO] Uploaded QQQ -> raw/alpha_vantage/QQQ/2025-04-05-10-55.csv
[2025-04-05T10:55:23.396+0000] {logging_mixin.py:137} INFO - [WARN] AUD/CNY no data: {'Information': 'Thank you for using Alpha Vantage! This is a premium endpoint. You may subscribe to any of the premium plans at https://www.alphavantage.co/premium/ to instantly unlock all premium endpoints'}
[2025-04-05T10:55:23.630+0000] {logging_mixin.py:137} INFO - [WARN] USD/CNY no data: {'Information': 'Thank you for using Alpha Vantage! This is a premium endpoint. You may subscribe to any of the premium plans at https://www.alphavantage.co/premium/ to instantly unlock all premium endpoints'}
[2025-04-05T10:55:23.631+0000] {python.py:177} INFO - Done. Returned value was: None
[2025-04-05T10:55:23.647+0000] {taskinstance.py:1323} INFO - Marking task as SUCCESS. dag_id=alpha_vantage_pipeline, task_id=ingest_alpha_data, execution_date=20250405T105518, start_date=20250405T105519, end_date=20250405T105523
[2025-04-05T10:55:23.691+0000] {local_task_job.py:208} INFO - Task exited with return code 0
[2025-04-05T10:55:23.719+0000] {taskinstance.py:2578} INFO - 1 downstream tasks scheduled from follow-on schedule check
