[2025-04-05T10:35:28.303+0000] {taskinstance.py:1083} INFO - Dependencies all met for <TaskInstance: alpha_vantage_pipeline.spark_transform scheduled__2025-04-05T10:00:00+00:00 [queued]>
[2025-04-05T10:35:28.362+0000] {taskinstance.py:1083} INFO - Dependencies all met for <TaskInstance: alpha_vantage_pipeline.spark_transform scheduled__2025-04-05T10:00:00+00:00 [queued]>
[2025-04-05T10:35:28.363+0000] {taskinstance.py:1279} INFO - 
--------------------------------------------------------------------------------
[2025-04-05T10:35:28.363+0000] {taskinstance.py:1280} INFO - Starting attempt 1 of 2
[2025-04-05T10:35:28.363+0000] {taskinstance.py:1281} INFO - 
--------------------------------------------------------------------------------
[2025-04-05T10:35:28.427+0000] {taskinstance.py:1300} INFO - Executing <Task(PythonOperator): spark_transform> on 2025-04-05 10:00:00+00:00
[2025-04-05T10:35:28.448+0000] {standard_task_runner.py:55} INFO - Started process 182 to run task
[2025-04-05T10:35:28.469+0000] {standard_task_runner.py:82} INFO - Running: ['***', 'tasks', 'run', 'alpha_vantage_pipeline', 'spark_transform', 'scheduled__2025-04-05T10:00:00+00:00', '--job-id', '86', '--raw', '--subdir', 'DAGS_FOLDER/alpha_vantage_pipeline.py', '--cfg-path', '/tmp/tmpdnomi0kz']
[2025-04-05T10:35:28.475+0000] {standard_task_runner.py:83} INFO - Job 86: Subtask spark_transform
[2025-04-05T10:35:28.688+0000] {task_command.py:388} INFO - Running <TaskInstance: alpha_vantage_pipeline.spark_transform scheduled__2025-04-05T10:00:00+00:00 [running]> on host f3c96279a1c9
[2025-04-05T10:35:29.080+0000] {taskinstance.py:1509} INFO - Exporting the following env vars:
AIRFLOW_CTX_DAG_OWNER=***
AIRFLOW_CTX_DAG_ID=alpha_vantage_pipeline
AIRFLOW_CTX_TASK_ID=spark_transform
AIRFLOW_CTX_EXECUTION_DATE=2025-04-05T10:00:00+00:00
AIRFLOW_CTX_TRY_NUMBER=1
AIRFLOW_CTX_DAG_RUN_ID=scheduled__2025-04-05T10:00:00+00:00
[2025-04-05T10:35:40.559+0000] {python.py:177} INFO - Done. Returned value was: None
[2025-04-05T10:35:40.593+0000] {taskinstance.py:1323} INFO - Marking task as SUCCESS. dag_id=alpha_vantage_pipeline, task_id=spark_transform, execution_date=20250405T100000, start_date=20250405T103528, end_date=20250405T103540
[2025-04-05T10:35:40.652+0000] {local_task_job.py:208} INFO - Task exited with return code 0
[2025-04-05T10:35:40.774+0000] {taskinstance.py:2578} INFO - 1 downstream tasks scheduled from follow-on schedule check
