[2025-04-05T11:33:13.206+0000] {taskinstance.py:1083} INFO - Dependencies all met for <TaskInstance: alpha_vantage_pipeline.dbt_run manual__2025-04-05T11:33:00.850600+00:00 [queued]>
[2025-04-05T11:33:13.213+0000] {taskinstance.py:1083} INFO - Dependencies all met for <TaskInstance: alpha_vantage_pipeline.dbt_run manual__2025-04-05T11:33:00.850600+00:00 [queued]>
[2025-04-05T11:33:13.214+0000] {taskinstance.py:1279} INFO - 
--------------------------------------------------------------------------------
[2025-04-05T11:33:13.214+0000] {taskinstance.py:1280} INFO - Starting attempt 1 of 2
[2025-04-05T11:33:13.214+0000] {taskinstance.py:1281} INFO - 
--------------------------------------------------------------------------------
[2025-04-05T11:33:13.224+0000] {taskinstance.py:1300} INFO - Executing <Task(PythonOperator): dbt_run> on 2025-04-05 11:33:00.850600+00:00
[2025-04-05T11:33:13.232+0000] {standard_task_runner.py:55} INFO - Started process 326 to run task
[2025-04-05T11:33:13.235+0000] {standard_task_runner.py:82} INFO - Running: ['***', 'tasks', 'run', 'alpha_vantage_pipeline', 'dbt_run', 'manual__2025-04-05T11:33:00.850600+00:00', '--job-id', '148', '--raw', '--subdir', 'DAGS_FOLDER/alpha_vantage_pipeline.py', '--cfg-path', '/tmp/tmppmbi7stv']
[2025-04-05T11:33:13.237+0000] {standard_task_runner.py:83} INFO - Job 148: Subtask dbt_run
[2025-04-05T11:33:13.295+0000] {task_command.py:388} INFO - Running <TaskInstance: alpha_vantage_pipeline.dbt_run manual__2025-04-05T11:33:00.850600+00:00 [running]> on host 6b8756d9239f
[2025-04-05T11:33:13.363+0000] {taskinstance.py:1509} INFO - Exporting the following env vars:
AIRFLOW_CTX_DAG_OWNER=***
AIRFLOW_CTX_DAG_ID=alpha_vantage_pipeline
AIRFLOW_CTX_TASK_ID=dbt_run
AIRFLOW_CTX_EXECUTION_DATE=2025-04-05T11:33:00.850600+00:00
AIRFLOW_CTX_TRY_NUMBER=1
AIRFLOW_CTX_DAG_RUN_ID=manual__2025-04-05T11:33:00.850600+00:00
[2025-04-05T11:33:17.966+0000] {python.py:177} INFO - Done. Returned value was: None
[2025-04-05T11:33:17.982+0000] {taskinstance.py:1323} INFO - Marking task as SUCCESS. dag_id=alpha_vantage_pipeline, task_id=dbt_run, execution_date=20250405T113300, start_date=20250405T113313, end_date=20250405T113317
[2025-04-05T11:33:18.040+0000] {local_task_job.py:208} INFO - Task exited with return code 0
[2025-04-05T11:33:18.072+0000] {taskinstance.py:2578} INFO - 1 downstream tasks scheduled from follow-on schedule check
