[2025-04-06T00:21:49.537+0000] {taskinstance.py:1083} INFO - Dependencies all met for <TaskInstance: alpha_vantage_pipeline.spark_transform manual__2025-04-06T00:21:42.860111+00:00 [queued]>
[2025-04-06T00:21:49.545+0000] {taskinstance.py:1083} INFO - Dependencies all met for <TaskInstance: alpha_vantage_pipeline.spark_transform manual__2025-04-06T00:21:42.860111+00:00 [queued]>
[2025-04-06T00:21:49.545+0000] {taskinstance.py:1279} INFO - 
--------------------------------------------------------------------------------
[2025-04-06T00:21:49.545+0000] {taskinstance.py:1280} INFO - Starting attempt 1 of 2
[2025-04-06T00:21:49.545+0000] {taskinstance.py:1281} INFO - 
--------------------------------------------------------------------------------
[2025-04-06T00:21:49.556+0000] {taskinstance.py:1300} INFO - Executing <Task(PythonOperator): spark_transform> on 2025-04-06 00:21:42.860111+00:00
[2025-04-06T00:21:49.563+0000] {standard_task_runner.py:55} INFO - Started process 202 to run task
[2025-04-06T00:21:49.566+0000] {standard_task_runner.py:82} INFO - Running: ['***', 'tasks', 'run', 'alpha_vantage_pipeline', 'spark_transform', 'manual__2025-04-06T00:21:42.860111+00:00', '--job-id', '234', '--raw', '--subdir', 'DAGS_FOLDER/alpha_vantage_pipeline.py', '--cfg-path', '/tmp/tmpb4_v0r5w']
[2025-04-06T00:21:49.568+0000] {standard_task_runner.py:83} INFO - Job 234: Subtask spark_transform
[2025-04-06T00:21:49.622+0000] {task_command.py:388} INFO - Running <TaskInstance: alpha_vantage_pipeline.spark_transform manual__2025-04-06T00:21:42.860111+00:00 [running]> on host b2ccb7588994
[2025-04-06T00:21:49.683+0000] {taskinstance.py:1509} INFO - Exporting the following env vars:
AIRFLOW_CTX_DAG_OWNER=***
AIRFLOW_CTX_DAG_ID=alpha_vantage_pipeline
AIRFLOW_CTX_TASK_ID=spark_transform
AIRFLOW_CTX_EXECUTION_DATE=2025-04-06T00:21:42.860111+00:00
AIRFLOW_CTX_TRY_NUMBER=1
AIRFLOW_CTX_DAG_RUN_ID=manual__2025-04-06T00:21:42.860111+00:00
[2025-04-06T00:21:54.599+0000] {python.py:177} INFO - Done. Returned value was: None
[2025-04-06T00:21:54.618+0000] {taskinstance.py:1323} INFO - Marking task as SUCCESS. dag_id=alpha_vantage_pipeline, task_id=spark_transform, execution_date=20250406T002142, start_date=20250406T002149, end_date=20250406T002154
[2025-04-06T00:21:54.642+0000] {local_task_job.py:208} INFO - Task exited with return code 0
[2025-04-06T00:21:54.670+0000] {taskinstance.py:2578} INFO - 1 downstream tasks scheduled from follow-on schedule check
