[2025-04-05T07:45:49.637+0000] {taskinstance.py:1083} INFO - Dependencies all met for <TaskInstance: alpha_vantage_pipeline.spark_transform manual__2025-04-05T07:45:41.181718+00:00 [queued]>
[2025-04-05T07:45:49.645+0000] {taskinstance.py:1083} INFO - Dependencies all met for <TaskInstance: alpha_vantage_pipeline.spark_transform manual__2025-04-05T07:45:41.181718+00:00 [queued]>
[2025-04-05T07:45:49.645+0000] {taskinstance.py:1279} INFO - 
--------------------------------------------------------------------------------
[2025-04-05T07:45:49.645+0000] {taskinstance.py:1280} INFO - Starting attempt 1 of 2
[2025-04-05T07:45:49.645+0000] {taskinstance.py:1281} INFO - 
--------------------------------------------------------------------------------
[2025-04-05T07:45:49.656+0000] {taskinstance.py:1300} INFO - Executing <Task(PythonOperator): spark_transform> on 2025-04-05 07:45:41.181718+00:00
[2025-04-05T07:45:49.664+0000] {standard_task_runner.py:55} INFO - Started process 341 to run task
[2025-04-05T07:45:49.667+0000] {standard_task_runner.py:82} INFO - Running: ['***', 'tasks', 'run', 'alpha_vantage_pipeline', 'spark_transform', 'manual__2025-04-05T07:45:41.181718+00:00', '--job-id', '37', '--raw', '--subdir', 'DAGS_FOLDER/alpha_vantage_pipeline.py', '--cfg-path', '/tmp/tmpn0lc0_my']
[2025-04-05T07:45:49.669+0000] {standard_task_runner.py:83} INFO - Job 37: Subtask spark_transform
[2025-04-05T07:45:49.727+0000] {task_command.py:388} INFO - Running <TaskInstance: alpha_vantage_pipeline.spark_transform manual__2025-04-05T07:45:41.181718+00:00 [running]> on host 4df01a1500d3
[2025-04-05T07:45:49.797+0000] {taskinstance.py:1509} INFO - Exporting the following env vars:
AIRFLOW_CTX_DAG_OWNER=***
AIRFLOW_CTX_DAG_ID=alpha_vantage_pipeline
AIRFLOW_CTX_TASK_ID=spark_transform
AIRFLOW_CTX_EXECUTION_DATE=2025-04-05T07:45:41.181718+00:00
AIRFLOW_CTX_TRY_NUMBER=1
AIRFLOW_CTX_DAG_RUN_ID=manual__2025-04-05T07:45:41.181718+00:00
[2025-04-05T07:45:54.338+0000] {python.py:177} INFO - Done. Returned value was: None
[2025-04-05T07:45:54.357+0000] {taskinstance.py:1323} INFO - Marking task as SUCCESS. dag_id=alpha_vantage_pipeline, task_id=spark_transform, execution_date=20250405T074541, start_date=20250405T074549, end_date=20250405T074554
[2025-04-05T07:45:54.396+0000] {local_task_job.py:208} INFO - Task exited with return code 0
[2025-04-05T07:45:54.431+0000] {taskinstance.py:2578} INFO - 1 downstream tasks scheduled from follow-on schedule check
