[2025-04-06T08:00:23.755+0000] {taskinstance.py:1083} INFO - Dependencies all met for <TaskInstance: alpha_vantage_pipeline.load_forex scheduled__2025-04-05T20:00:00+00:00 [queued]>
[2025-04-06T08:00:23.771+0000] {taskinstance.py:1083} INFO - Dependencies all met for <TaskInstance: alpha_vantage_pipeline.load_forex scheduled__2025-04-05T20:00:00+00:00 [queued]>
[2025-04-06T08:00:23.774+0000] {taskinstance.py:1279} INFO - 
--------------------------------------------------------------------------------
[2025-04-06T08:00:23.774+0000] {taskinstance.py:1280} INFO - Starting attempt 1 of 2
[2025-04-06T08:00:23.774+0000] {taskinstance.py:1281} INFO - 
--------------------------------------------------------------------------------
[2025-04-06T08:00:23.811+0000] {taskinstance.py:1300} INFO - Executing <Task(GCSToBigQueryOperator): load_forex> on 2025-04-05 20:00:00+00:00
[2025-04-06T08:00:23.832+0000] {standard_task_runner.py:55} INFO - Started process 930 to run task
[2025-04-06T08:00:23.838+0000] {standard_task_runner.py:82} INFO - Running: ['***', 'tasks', 'run', 'alpha_vantage_pipeline', 'load_forex', 'scheduled__2025-04-05T20:00:00+00:00', '--job-id', '306', '--raw', '--subdir', 'DAGS_FOLDER/alpha_vantage_pipeline.py', '--cfg-path', '/tmp/tmpvx34bsfq']
[2025-04-06T08:00:23.840+0000] {standard_task_runner.py:83} INFO - Job 306: Subtask load_forex
[2025-04-06T08:00:23.931+0000] {task_command.py:388} INFO - Running <TaskInstance: alpha_vantage_pipeline.load_forex scheduled__2025-04-05T20:00:00+00:00 [running]> on host aca641349d5d
[2025-04-06T08:00:24.046+0000] {taskinstance.py:1509} INFO - Exporting the following env vars:
AIRFLOW_CTX_DAG_OWNER=***
AIRFLOW_CTX_DAG_ID=alpha_vantage_pipeline
AIRFLOW_CTX_TASK_ID=load_forex
AIRFLOW_CTX_EXECUTION_DATE=2025-04-05T20:00:00+00:00
AIRFLOW_CTX_TRY_NUMBER=1
AIRFLOW_CTX_DAG_RUN_ID=scheduled__2025-04-05T20:00:00+00:00
[2025-04-06T08:00:24.061+0000] {base.py:73} INFO - Using connection ID 'google_cloud_default' for task execution.
[2025-04-06T08:00:24.062+0000] {gcs_to_bigquery.py:377} INFO - Using existing BigQuery table for storing data...
[2025-04-06T08:00:24.064+0000] {credentials_provider.py:323} INFO - Getting connection using `google.auth.default()` since no key file is defined for hook.
[2025-04-06T08:00:24.147+0000] {gcs_to_bigquery.py:381} INFO - Executing: {'load': {'autodetect': True, 'createDisposition': 'CREATE_IF_NEEDED', 'destinationTable': {'projectId': 'finflow-455108', 'datasetId': 'my_dataset', 'tableId': 'final_table_forex'}, 'sourceFormat': 'CSV', 'sourceUris': ['gs://finflow-455108-data-lake/raw/alpha_vantage/AUD_CNY/*.csv', 'gs://finflow-455108-data-lake/raw/alpha_vantage/USD_CNY/*.csv'], 'writeDisposition': 'WRITE_APPEND', 'ignoreUnknownValues': False, 'skipLeadingRows': None, 'fieldDelimiter': ',', 'quote': None, 'allowQuotedNewlines': False, 'encoding': 'UTF-8'}}
[2025-04-06T08:00:24.148+0000] {bigquery.py:1542} INFO - Inserting job ***_alpha_vantage_pipeline_load_forex_2025_04_05T20_00_00_00_00_0c76cbe417b44c05c2f2a2f3a152c034
[2025-04-06T08:00:33.936+0000] {taskinstance.py:1323} INFO - Marking task as SUCCESS. dag_id=alpha_vantage_pipeline, task_id=load_forex, execution_date=20250405T200000, start_date=20250406T080023, end_date=20250406T080033
[2025-04-06T08:00:33.982+0000] {local_task_job.py:208} INFO - Task exited with return code 0
[2025-04-06T08:00:34.014+0000] {taskinstance.py:2578} INFO - 1 downstream tasks scheduled from follow-on schedule check
