[2025-04-06T02:23:51.959+0000] {taskinstance.py:1083} INFO - Dependencies all met for <TaskInstance: alpha_vantage_pipeline.analysis_task scheduled__2025-04-06T01:30:00+00:00 [queued]>
[2025-04-06T02:23:51.967+0000] {taskinstance.py:1083} INFO - Dependencies all met for <TaskInstance: alpha_vantage_pipeline.analysis_task scheduled__2025-04-06T01:30:00+00:00 [queued]>
[2025-04-06T02:23:51.967+0000] {taskinstance.py:1279} INFO - 
--------------------------------------------------------------------------------
[2025-04-06T02:23:51.967+0000] {taskinstance.py:1280} INFO - Starting attempt 1 of 2
[2025-04-06T02:23:51.968+0000] {taskinstance.py:1281} INFO - 
--------------------------------------------------------------------------------
[2025-04-06T02:23:51.994+0000] {taskinstance.py:1300} INFO - Executing <Task(PythonOperator): analysis_task> on 2025-04-06 01:30:00+00:00
[2025-04-06T02:23:52.011+0000] {standard_task_runner.py:55} INFO - Started process 225 to run task
[2025-04-06T02:23:52.018+0000] {standard_task_runner.py:82} INFO - Running: ['***', 'tasks', 'run', 'alpha_vantage_pipeline', 'analysis_task', 'scheduled__2025-04-06T01:30:00+00:00', '--job-id', '286', '--raw', '--subdir', 'DAGS_FOLDER/alpha_vantage_pipeline.py', '--cfg-path', '/tmp/tmpiool0i5k']
[2025-04-06T02:23:52.020+0000] {standard_task_runner.py:83} INFO - Job 286: Subtask analysis_task
[2025-04-06T02:23:52.145+0000] {task_command.py:388} INFO - Running <TaskInstance: alpha_vantage_pipeline.analysis_task scheduled__2025-04-06T01:30:00+00:00 [running]> on host aca641349d5d
[2025-04-06T02:23:52.282+0000] {taskinstance.py:1509} INFO - Exporting the following env vars:
AIRFLOW_CTX_DAG_OWNER=***
AIRFLOW_CTX_DAG_ID=alpha_vantage_pipeline
AIRFLOW_CTX_TASK_ID=analysis_task
AIRFLOW_CTX_EXECUTION_DATE=2025-04-06T01:30:00+00:00
AIRFLOW_CTX_TRY_NUMBER=1
AIRFLOW_CTX_DAG_RUN_ID=scheduled__2025-04-06T01:30:00+00:00
[2025-04-06T02:23:53.769+0000] {logging_mixin.py:137} INFO - [INFO] Average close by stock symbol:
[2025-04-06T02:23:54.043+0000] {logging_mixin.py:137} INFO - Symbol=QQQ,  AvgClose=452.64049199999994
[2025-04-06T02:23:54.043+0000] {logging_mixin.py:137} INFO - Symbol=USO,  AvgClose=72.44159999999998
[2025-04-06T02:23:54.044+0000] {logging_mixin.py:137} INFO - Symbol=AAPL,  AvgClose=206.538802
[2025-04-06T02:23:54.044+0000] {python.py:177} INFO - Done. Returned value was: None
[2025-04-06T02:23:54.061+0000] {taskinstance.py:1323} INFO - Marking task as SUCCESS. dag_id=alpha_vantage_pipeline, task_id=analysis_task, execution_date=20250406T013000, start_date=20250406T022351, end_date=20250406T022354
[2025-04-06T02:23:54.117+0000] {local_task_job.py:208} INFO - Task exited with return code 0
[2025-04-06T02:23:54.134+0000] {taskinstance.py:2578} INFO - 0 downstream tasks scheduled from follow-on schedule check
