[2025-04-06T06:00:56.634+0000] {taskinstance.py:1083} INFO - Dependencies all met for <TaskInstance: alpha_vantage_pipeline.load_stocks scheduled__2025-04-06T05:30:00+00:00 [queued]>
[2025-04-06T06:00:56.646+0000] {taskinstance.py:1083} INFO - Dependencies all met for <TaskInstance: alpha_vantage_pipeline.load_stocks scheduled__2025-04-06T05:30:00+00:00 [queued]>
[2025-04-06T06:00:56.646+0000] {taskinstance.py:1279} INFO - 
--------------------------------------------------------------------------------
[2025-04-06T06:00:56.647+0000] {taskinstance.py:1280} INFO - Starting attempt 1 of 2
[2025-04-06T06:00:56.647+0000] {taskinstance.py:1281} INFO - 
--------------------------------------------------------------------------------
[2025-04-06T06:00:56.665+0000] {taskinstance.py:1300} INFO - Executing <Task(GCSToBigQueryOperator): load_stocks> on 2025-04-06 05:30:00+00:00
[2025-04-06T06:00:56.678+0000] {standard_task_runner.py:55} INFO - Started process 256 to run task
[2025-04-06T06:00:56.683+0000] {standard_task_runner.py:82} INFO - Running: ['***', 'tasks', 'run', 'alpha_vantage_pipeline', 'load_stocks', 'scheduled__2025-04-06T05:30:00+00:00', '--job-id', '297', '--raw', '--subdir', 'DAGS_FOLDER/alpha_vantage_pipeline.py', '--cfg-path', '/tmp/tmpr5dbm097']
[2025-04-06T06:00:56.685+0000] {standard_task_runner.py:83} INFO - Job 297: Subtask load_stocks
[2025-04-06T06:00:56.782+0000] {task_command.py:388} INFO - Running <TaskInstance: alpha_vantage_pipeline.load_stocks scheduled__2025-04-06T05:30:00+00:00 [running]> on host aca641349d5d
[2025-04-06T06:00:56.890+0000] {taskinstance.py:1509} INFO - Exporting the following env vars:
AIRFLOW_CTX_DAG_OWNER=***
AIRFLOW_CTX_DAG_ID=alpha_vantage_pipeline
AIRFLOW_CTX_TASK_ID=load_stocks
AIRFLOW_CTX_EXECUTION_DATE=2025-04-06T05:30:00+00:00
AIRFLOW_CTX_TRY_NUMBER=1
AIRFLOW_CTX_DAG_RUN_ID=scheduled__2025-04-06T05:30:00+00:00
[2025-04-06T06:00:56.907+0000] {base.py:73} INFO - Using connection ID 'google_cloud_default' for task execution.
[2025-04-06T06:00:56.908+0000] {gcs_to_bigquery.py:377} INFO - Using existing BigQuery table for storing data...
[2025-04-06T06:00:56.909+0000] {credentials_provider.py:323} INFO - Getting connection using `google.auth.default()` since no key file is defined for hook.
[2025-04-06T06:00:56.968+0000] {gcs_to_bigquery.py:381} INFO - Executing: {'load': {'autodetect': True, 'createDisposition': 'CREATE_IF_NEEDED', 'destinationTable': {'projectId': 'finflow-455108', 'datasetId': 'my_dataset', 'tableId': 'final_table_stocks'}, 'sourceFormat': 'CSV', 'sourceUris': ['gs://finflow-455108-data-lake/raw/alpha_vantage/USO/*.csv', 'gs://finflow-455108-data-lake/raw/alpha_vantage/AAPL/*.csv', 'gs://finflow-455108-data-lake/raw/alpha_vantage/QQQ/*.csv'], 'writeDisposition': 'WRITE_TRUNCATE', 'ignoreUnknownValues': False, 'skipLeadingRows': None, 'fieldDelimiter': ',', 'quote': None, 'allowQuotedNewlines': False, 'encoding': 'UTF-8'}}
[2025-04-06T06:00:56.969+0000] {bigquery.py:1542} INFO - Inserting job ***_alpha_vantage_pipeline_load_stocks_2025_04_06T05_30_00_00_00_df970d4aa52cd086382a9b80e33c0868
[2025-04-06T06:01:01.733+0000] {taskinstance.py:1323} INFO - Marking task as SUCCESS. dag_id=alpha_vantage_pipeline, task_id=load_stocks, execution_date=20250406T053000, start_date=20250406T060056, end_date=20250406T060101
[2025-04-06T06:01:01.760+0000] {local_task_job.py:208} INFO - Task exited with return code 0
[2025-04-06T06:01:01.780+0000] {taskinstance.py:2578} INFO - 1 downstream tasks scheduled from follow-on schedule check
