[2025-04-05T10:51:55.204+0000] {taskinstance.py:1083} INFO - Dependencies all met for <TaskInstance: alpha_vantage_pipeline.ingest_alpha_data manual__2025-04-05T10:51:53.596992+00:00 [queued]>
[2025-04-05T10:51:55.215+0000] {taskinstance.py:1083} INFO - Dependencies all met for <TaskInstance: alpha_vantage_pipeline.ingest_alpha_data manual__2025-04-05T10:51:53.596992+00:00 [queued]>
[2025-04-05T10:51:55.215+0000] {taskinstance.py:1279} INFO - 
--------------------------------------------------------------------------------
[2025-04-05T10:51:55.216+0000] {taskinstance.py:1280} INFO - Starting attempt 1 of 2
[2025-04-05T10:51:55.216+0000] {taskinstance.py:1281} INFO - 
--------------------------------------------------------------------------------
[2025-04-05T10:51:55.236+0000] {taskinstance.py:1300} INFO - Executing <Task(PythonOperator): ingest_alpha_data> on 2025-04-05 10:51:53.596992+00:00
[2025-04-05T10:51:55.249+0000] {standard_task_runner.py:55} INFO - Started process 202 to run task
[2025-04-05T10:51:55.255+0000] {standard_task_runner.py:82} INFO - Running: ['***', 'tasks', 'run', 'alpha_vantage_pipeline', 'ingest_alpha_data', 'manual__2025-04-05T10:51:53.596992+00:00', '--job-id', '103', '--raw', '--subdir', 'DAGS_FOLDER/alpha_vantage_pipeline.py', '--cfg-path', '/tmp/tmppx9bpqie']
[2025-04-05T10:51:55.258+0000] {standard_task_runner.py:83} INFO - Job 103: Subtask ingest_alpha_data
[2025-04-05T10:51:55.345+0000] {task_command.py:388} INFO - Running <TaskInstance: alpha_vantage_pipeline.ingest_alpha_data manual__2025-04-05T10:51:53.596992+00:00 [running]> on host e8ddbeabb1e5
[2025-04-05T10:51:55.455+0000] {taskinstance.py:1509} INFO - Exporting the following env vars:
AIRFLOW_CTX_DAG_OWNER=***
AIRFLOW_CTX_DAG_ID=alpha_vantage_pipeline
AIRFLOW_CTX_TASK_ID=ingest_alpha_data
AIRFLOW_CTX_EXECUTION_DATE=2025-04-05T10:51:53.596992+00:00
AIRFLOW_CTX_TRY_NUMBER=1
AIRFLOW_CTX_DAG_RUN_ID=manual__2025-04-05T10:51:53.596992+00:00
[2025-04-05T10:51:57.008+0000] {logging_mixin.py:137} INFO - [INFO] Uploaded USO -> raw/alpha_vantage/USO/2025-04-05-10-51.csv
[2025-04-05T10:51:57.799+0000] {logging_mixin.py:137} INFO - [INFO] Uploaded AAPL -> raw/alpha_vantage/AAPL/2025-04-05-10-51.csv
[2025-04-05T10:51:58.993+0000] {logging_mixin.py:137} INFO - [INFO] Uploaded QQQ -> raw/alpha_vantage/QQQ/2025-04-05-10-51.csv
[2025-04-05T10:51:59.245+0000] {logging_mixin.py:137} INFO - [WARN] AUD/CNY no data: {'Information': 'Thank you for using Alpha Vantage! This is a premium endpoint. You may subscribe to any of the premium plans at https://www.alphavantage.co/premium/ to instantly unlock all premium endpoints'}
[2025-04-05T10:51:59.505+0000] {logging_mixin.py:137} INFO - [WARN] USD/CNY no data: {'Information': 'Thank you for using Alpha Vantage! This is a premium endpoint. You may subscribe to any of the premium plans at https://www.alphavantage.co/premium/ to instantly unlock all premium endpoints'}
[2025-04-05T10:51:59.505+0000] {python.py:177} INFO - Done. Returned value was: None
[2025-04-05T10:51:59.515+0000] {taskinstance.py:1323} INFO - Marking task as SUCCESS. dag_id=alpha_vantage_pipeline, task_id=ingest_alpha_data, execution_date=20250405T105153, start_date=20250405T105155, end_date=20250405T105159
[2025-04-05T10:51:59.570+0000] {local_task_job.py:208} INFO - Task exited with return code 0
[2025-04-05T10:51:59.596+0000] {taskinstance.py:2578} INFO - 1 downstream tasks scheduled from follow-on schedule check
