[2025-04-06T12:54:35.839+0000] {taskinstance.py:1083} INFO - Dependencies all met for <TaskInstance: alpha_vantage_pipeline.spark_transform scheduled__2025-04-06T08:00:00+00:00 [queued]>
[2025-04-06T12:54:35.867+0000] {taskinstance.py:1083} INFO - Dependencies all met for <TaskInstance: alpha_vantage_pipeline.spark_transform scheduled__2025-04-06T08:00:00+00:00 [queued]>
[2025-04-06T12:54:35.868+0000] {taskinstance.py:1279} INFO - 
--------------------------------------------------------------------------------
[2025-04-06T12:54:35.868+0000] {taskinstance.py:1280} INFO - Starting attempt 1 of 2
[2025-04-06T12:54:35.868+0000] {taskinstance.py:1281} INFO - 
--------------------------------------------------------------------------------
[2025-04-06T12:54:35.917+0000] {taskinstance.py:1300} INFO - Executing <Task(PythonOperator): spark_transform> on 2025-04-06 08:00:00+00:00
[2025-04-06T12:54:35.942+0000] {standard_task_runner.py:55} INFO - Started process 182 to run task
[2025-04-06T12:54:35.956+0000] {standard_task_runner.py:82} INFO - Running: ['***', 'tasks', 'run', 'alpha_vantage_pipeline', 'spark_transform', 'scheduled__2025-04-06T08:00:00+00:00', '--job-id', '314', '--raw', '--subdir', 'DAGS_FOLDER/alpha_vantage_pipeline.py', '--cfg-path', '/tmp/tmpm1hqxlkq']
[2025-04-06T12:54:35.977+0000] {standard_task_runner.py:83} INFO - Job 314: Subtask spark_transform
[2025-04-06T12:54:36.567+0000] {task_command.py:388} INFO - Running <TaskInstance: alpha_vantage_pipeline.spark_transform scheduled__2025-04-06T08:00:00+00:00 [running]> on host 33ec86a0fe7a
[2025-04-06T12:54:37.200+0000] {taskinstance.py:1509} INFO - Exporting the following env vars:
AIRFLOW_CTX_DAG_OWNER=***
AIRFLOW_CTX_DAG_ID=alpha_vantage_pipeline
AIRFLOW_CTX_TASK_ID=spark_transform
AIRFLOW_CTX_EXECUTION_DATE=2025-04-06T08:00:00+00:00
AIRFLOW_CTX_TRY_NUMBER=1
AIRFLOW_CTX_DAG_RUN_ID=scheduled__2025-04-06T08:00:00+00:00
[2025-04-06T12:55:20.492+0000] {python.py:177} INFO - Done. Returned value was: None
[2025-04-06T12:55:20.649+0000] {taskinstance.py:1323} INFO - Marking task as SUCCESS. dag_id=alpha_vantage_pipeline, task_id=spark_transform, execution_date=20250406T080000, start_date=20250406T125435, end_date=20250406T125520
[2025-04-06T12:55:20.795+0000] {local_task_job.py:208} INFO - Task exited with return code 0
[2025-04-06T12:55:21.026+0000] {taskinstance.py:2578} INFO - 0 downstream tasks scheduled from follow-on schedule check
