[2025-04-05T10:36:26.160+0000] {taskinstance.py:1083} INFO - Dependencies all met for <TaskInstance: alpha_vantage_pipeline.ingest_alpha_data manual__2025-04-05T10:36:24.718160+00:00 [queued]>
[2025-04-05T10:36:26.167+0000] {taskinstance.py:1083} INFO - Dependencies all met for <TaskInstance: alpha_vantage_pipeline.ingest_alpha_data manual__2025-04-05T10:36:24.718160+00:00 [queued]>
[2025-04-05T10:36:26.167+0000] {taskinstance.py:1279} INFO - 
--------------------------------------------------------------------------------
[2025-04-05T10:36:26.167+0000] {taskinstance.py:1280} INFO - Starting attempt 1 of 2
[2025-04-05T10:36:26.167+0000] {taskinstance.py:1281} INFO - 
--------------------------------------------------------------------------------
[2025-04-05T10:36:26.178+0000] {taskinstance.py:1300} INFO - Executing <Task(PythonOperator): ingest_alpha_data> on 2025-04-05 10:36:24.718160+00:00
[2025-04-05T10:36:26.186+0000] {standard_task_runner.py:55} INFO - Started process 272 to run task
[2025-04-05T10:36:26.189+0000] {standard_task_runner.py:82} INFO - Running: ['***', 'tasks', 'run', 'alpha_vantage_pipeline', 'ingest_alpha_data', 'manual__2025-04-05T10:36:24.718160+00:00', '--job-id', '89', '--raw', '--subdir', 'DAGS_FOLDER/alpha_vantage_pipeline.py', '--cfg-path', '/tmp/tmpb8zp44gr']
[2025-04-05T10:36:26.190+0000] {standard_task_runner.py:83} INFO - Job 89: Subtask ingest_alpha_data
[2025-04-05T10:36:26.255+0000] {task_command.py:388} INFO - Running <TaskInstance: alpha_vantage_pipeline.ingest_alpha_data manual__2025-04-05T10:36:24.718160+00:00 [running]> on host f3c96279a1c9
[2025-04-05T10:36:26.362+0000] {taskinstance.py:1509} INFO - Exporting the following env vars:
AIRFLOW_CTX_DAG_OWNER=***
AIRFLOW_CTX_DAG_ID=alpha_vantage_pipeline
AIRFLOW_CTX_TASK_ID=ingest_alpha_data
AIRFLOW_CTX_EXECUTION_DATE=2025-04-05T10:36:24.718160+00:00
AIRFLOW_CTX_TRY_NUMBER=1
AIRFLOW_CTX_DAG_RUN_ID=manual__2025-04-05T10:36:24.718160+00:00
[2025-04-05T10:36:27.704+0000] {logging_mixin.py:137} INFO - [INFO] Uploaded USO -> raw/alpha_vantage/USO/2025-04-05-10-36.csv
[2025-04-05T10:36:28.533+0000] {logging_mixin.py:137} INFO - [INFO] Uploaded AAPL -> raw/alpha_vantage/AAPL/2025-04-05-10-36.csv
[2025-04-05T10:36:30.106+0000] {logging_mixin.py:137} INFO - [INFO] Uploaded QQQ -> raw/alpha_vantage/QQQ/2025-04-05-10-36.csv
[2025-04-05T10:36:30.365+0000] {logging_mixin.py:137} INFO - [WARN] AUD/CNY no data: {'Information': 'Thank you for using Alpha Vantage! This is a premium endpoint. You may subscribe to any of the premium plans at https://www.alphavantage.co/premium/ to instantly unlock all premium endpoints'}
[2025-04-05T10:36:30.599+0000] {logging_mixin.py:137} INFO - [WARN] USD/CNY no data: {'Information': 'Thank you for using Alpha Vantage! This is a premium endpoint. You may subscribe to any of the premium plans at https://www.alphavantage.co/premium/ to instantly unlock all premium endpoints'}
[2025-04-05T10:36:30.599+0000] {python.py:177} INFO - Done. Returned value was: None
[2025-04-05T10:36:30.609+0000] {taskinstance.py:1323} INFO - Marking task as SUCCESS. dag_id=alpha_vantage_pipeline, task_id=ingest_alpha_data, execution_date=20250405T103624, start_date=20250405T103626, end_date=20250405T103630
[2025-04-05T10:36:30.657+0000] {local_task_job.py:208} INFO - Task exited with return code 0
[2025-04-05T10:36:30.683+0000] {taskinstance.py:2578} INFO - 1 downstream tasks scheduled from follow-on schedule check
