[2025-04-05T10:42:22.090+0000] {taskinstance.py:1083} INFO - Dependencies all met for <TaskInstance: alpha_vantage_pipeline.load_to_bq manual__2025-04-05T10:36:24.718160+00:00 [queued]>
[2025-04-05T10:42:22.205+0000] {taskinstance.py:1083} INFO - Dependencies all met for <TaskInstance: alpha_vantage_pipeline.load_to_bq manual__2025-04-05T10:36:24.718160+00:00 [queued]>
[2025-04-05T10:42:22.212+0000] {taskinstance.py:1279} INFO - 
--------------------------------------------------------------------------------
[2025-04-05T10:42:22.216+0000] {taskinstance.py:1280} INFO - Starting attempt 2 of 2
[2025-04-05T10:42:22.217+0000] {taskinstance.py:1281} INFO - 
--------------------------------------------------------------------------------
[2025-04-05T10:42:22.408+0000] {taskinstance.py:1300} INFO - Executing <Task(GCSToBigQueryOperator): load_to_bq> on 2025-04-05 10:36:24.718160+00:00
[2025-04-05T10:42:22.490+0000] {standard_task_runner.py:55} INFO - Started process 176 to run task
[2025-04-05T10:42:22.509+0000] {standard_task_runner.py:82} INFO - Running: ['***', 'tasks', 'run', 'alpha_vantage_pipeline', 'load_to_bq', 'manual__2025-04-05T10:36:24.718160+00:00', '--job-id', '95', '--raw', '--subdir', 'DAGS_FOLDER/alpha_vantage_pipeline.py', '--cfg-path', '/tmp/tmp8vh4yexj']
[2025-04-05T10:42:22.521+0000] {standard_task_runner.py:83} INFO - Job 95: Subtask load_to_bq
[2025-04-05T10:42:22.940+0000] {task_command.py:388} INFO - Running <TaskInstance: alpha_vantage_pipeline.load_to_bq manual__2025-04-05T10:36:24.718160+00:00 [running]> on host fef7d109af3a
[2025-04-05T10:42:23.509+0000] {taskinstance.py:1509} INFO - Exporting the following env vars:
AIRFLOW_CTX_DAG_OWNER=***
AIRFLOW_CTX_DAG_ID=alpha_vantage_pipeline
AIRFLOW_CTX_TASK_ID=load_to_bq
AIRFLOW_CTX_EXECUTION_DATE=2025-04-05T10:36:24.718160+00:00
AIRFLOW_CTX_TRY_NUMBER=2
AIRFLOW_CTX_DAG_RUN_ID=manual__2025-04-05T10:36:24.718160+00:00
[2025-04-05T10:42:23.604+0000] {base.py:73} INFO - Using connection ID 'google_cloud_default' for task execution.
[2025-04-05T10:42:23.608+0000] {gcs_to_bigquery.py:377} INFO - Using existing BigQuery table for storing data...
[2025-04-05T10:42:23.610+0000] {credentials_provider.py:323} INFO - Getting connection using `google.auth.default()` since no key file is defined for hook.
[2025-04-05T10:42:24.037+0000] {gcs_to_bigquery.py:381} INFO - Executing: {'load': {'autodetect': True, 'createDisposition': 'CREATE_IF_NEEDED', 'destinationTable': {'projectId': 'finflow-455108', 'datasetId': 'my_dataset', 'tableId': 'final_table'}, 'sourceFormat': 'CSV', 'sourceUris': ['gs://finflow-455108-data-lake/raw/alpha_vantage/*.csv'], 'writeDisposition': 'WRITE_TRUNCATE', 'ignoreUnknownValues': False, 'skipLeadingRows': None, 'fieldDelimiter': ',', 'quote': None, 'allowQuotedNewlines': False, 'encoding': 'UTF-8'}}
[2025-04-05T10:42:24.041+0000] {bigquery.py:1542} INFO - Inserting job ***_alpha_vantage_pipeline_load_to_bq_2025_04_05T10_36_24_718160_00_00_93d833ddfad0a42404c97a349eeb5bb4
[2025-04-05T10:42:33.550+0000] {taskinstance.py:1323} INFO - Marking task as SUCCESS. dag_id=alpha_vantage_pipeline, task_id=load_to_bq, execution_date=20250405T103624, start_date=20250405T104222, end_date=20250405T104233
[2025-04-05T10:42:33.689+0000] {local_task_job.py:208} INFO - Task exited with return code 0
[2025-04-05T10:42:33.780+0000] {taskinstance.py:2578} INFO - 1 downstream tasks scheduled from follow-on schedule check
