[2025-04-06T00:59:58.020+0000] {taskinstance.py:1083} INFO - Dependencies all met for <TaskInstance: alpha_vantage_pipeline.load_to_bq manual__2025-04-06T00:54:26.222482+00:00 [queued]>
[2025-04-06T00:59:58.052+0000] {taskinstance.py:1083} INFO - Dependencies all met for <TaskInstance: alpha_vantage_pipeline.load_to_bq manual__2025-04-06T00:54:26.222482+00:00 [queued]>
[2025-04-06T00:59:58.053+0000] {taskinstance.py:1279} INFO - 
--------------------------------------------------------------------------------
[2025-04-06T00:59:58.054+0000] {taskinstance.py:1280} INFO - Starting attempt 2 of 2
[2025-04-06T00:59:58.055+0000] {taskinstance.py:1281} INFO - 
--------------------------------------------------------------------------------
[2025-04-06T00:59:58.100+0000] {taskinstance.py:1300} INFO - Executing <Task(GCSToBigQueryOperator): load_to_bq> on 2025-04-06 00:54:26.222482+00:00
[2025-04-06T00:59:58.125+0000] {standard_task_runner.py:55} INFO - Started process 174 to run task
[2025-04-06T00:59:58.137+0000] {standard_task_runner.py:82} INFO - Running: ['***', 'tasks', 'run', 'alpha_vantage_pipeline', 'load_to_bq', 'manual__2025-04-06T00:54:26.222482+00:00', '--job-id', '253', '--raw', '--subdir', 'DAGS_FOLDER/alpha_vantage_pipeline.py', '--cfg-path', '/tmp/tmpvzbvytx1']
[2025-04-06T00:59:58.147+0000] {standard_task_runner.py:83} INFO - Job 253: Subtask load_to_bq
[2025-04-06T00:59:58.373+0000] {task_command.py:388} INFO - Running <TaskInstance: alpha_vantage_pipeline.load_to_bq manual__2025-04-06T00:54:26.222482+00:00 [running]> on host aca641349d5d
[2025-04-06T00:59:58.632+0000] {taskinstance.py:1509} INFO - Exporting the following env vars:
AIRFLOW_CTX_DAG_OWNER=***
AIRFLOW_CTX_DAG_ID=alpha_vantage_pipeline
AIRFLOW_CTX_TASK_ID=load_to_bq
AIRFLOW_CTX_EXECUTION_DATE=2025-04-06T00:54:26.222482+00:00
AIRFLOW_CTX_TRY_NUMBER=2
AIRFLOW_CTX_DAG_RUN_ID=manual__2025-04-06T00:54:26.222482+00:00
[2025-04-06T00:59:58.682+0000] {base.py:73} INFO - Using connection ID 'google_cloud_default' for task execution.
[2025-04-06T00:59:58.686+0000] {gcs_to_bigquery.py:377} INFO - Using existing BigQuery table for storing data...
[2025-04-06T00:59:58.688+0000] {credentials_provider.py:323} INFO - Getting connection using `google.auth.default()` since no key file is defined for hook.
[2025-04-06T00:59:58.971+0000] {gcs_to_bigquery.py:381} INFO - Executing: {'load': {'autodetect': True, 'createDisposition': 'CREATE_IF_NEEDED', 'destinationTable': {'projectId': 'finflow-455108', 'datasetId': 'my_dataset', 'tableId': 'final_table'}, 'sourceFormat': 'CSV', 'sourceUris': ['gs://finflow-455108-data-lake/raw/alpha_vantage/AAPL/*.csv'], 'writeDisposition': 'WRITE_TRUNCATE', 'ignoreUnknownValues': False, 'skipLeadingRows': None, 'fieldDelimiter': ',', 'quote': None, 'allowQuotedNewlines': False, 'encoding': 'UTF-8'}}
[2025-04-06T00:59:58.974+0000] {bigquery.py:1542} INFO - Inserting job ***_alpha_vantage_pipeline_load_to_bq_2025_04_06T00_54_26_222482_00_00_1a16ae886e66a5c65022c8188963a340
[2025-04-06T01:00:05.485+0000] {taskinstance.py:1323} INFO - Marking task as SUCCESS. dag_id=alpha_vantage_pipeline, task_id=load_to_bq, execution_date=20250406T005426, start_date=20250406T005958, end_date=20250406T010005
[2025-04-06T01:00:06.043+0000] {local_task_job.py:208} INFO - Task exited with return code 0
[2025-04-06T01:00:06.123+0000] {taskinstance.py:2578} INFO - 1 downstream tasks scheduled from follow-on schedule check
