[2025-04-05T11:33:03.260+0000] {taskinstance.py:1083} INFO - Dependencies all met for <TaskInstance: alpha_vantage_pipeline.ingest_alpha_data manual__2025-04-05T11:33:00.850600+00:00 [queued]>
[2025-04-05T11:33:03.267+0000] {taskinstance.py:1083} INFO - Dependencies all met for <TaskInstance: alpha_vantage_pipeline.ingest_alpha_data manual__2025-04-05T11:33:00.850600+00:00 [queued]>
[2025-04-05T11:33:03.268+0000] {taskinstance.py:1279} INFO - 
--------------------------------------------------------------------------------
[2025-04-05T11:33:03.268+0000] {taskinstance.py:1280} INFO - Starting attempt 1 of 2
[2025-04-05T11:33:03.268+0000] {taskinstance.py:1281} INFO - 
--------------------------------------------------------------------------------
[2025-04-05T11:33:03.278+0000] {taskinstance.py:1300} INFO - Executing <Task(PythonOperator): ingest_alpha_data> on 2025-04-05 11:33:00.850600+00:00
[2025-04-05T11:33:03.286+0000] {standard_task_runner.py:55} INFO - Started process 267 to run task
[2025-04-05T11:33:03.289+0000] {standard_task_runner.py:82} INFO - Running: ['***', 'tasks', 'run', 'alpha_vantage_pipeline', 'ingest_alpha_data', 'manual__2025-04-05T11:33:00.850600+00:00', '--job-id', '146', '--raw', '--subdir', 'DAGS_FOLDER/alpha_vantage_pipeline.py', '--cfg-path', '/tmp/tmpaepf08pu']
[2025-04-05T11:33:03.290+0000] {standard_task_runner.py:83} INFO - Job 146: Subtask ingest_alpha_data
[2025-04-05T11:33:03.346+0000] {task_command.py:388} INFO - Running <TaskInstance: alpha_vantage_pipeline.ingest_alpha_data manual__2025-04-05T11:33:00.850600+00:00 [running]> on host 6b8756d9239f
[2025-04-05T11:33:03.447+0000] {taskinstance.py:1509} INFO - Exporting the following env vars:
AIRFLOW_CTX_DAG_OWNER=***
AIRFLOW_CTX_DAG_ID=alpha_vantage_pipeline
AIRFLOW_CTX_TASK_ID=ingest_alpha_data
AIRFLOW_CTX_EXECUTION_DATE=2025-04-05T11:33:00.850600+00:00
AIRFLOW_CTX_TRY_NUMBER=1
AIRFLOW_CTX_DAG_RUN_ID=manual__2025-04-05T11:33:00.850600+00:00
[2025-04-05T11:33:05.303+0000] {logging_mixin.py:137} INFO - [INFO] Uploaded USO -> raw/alpha_vantage/USO/2025-04-05-11-33.csv
[2025-04-05T11:33:06.146+0000] {logging_mixin.py:137} INFO - [INFO] Uploaded AAPL -> raw/alpha_vantage/AAPL/2025-04-05-11-33.csv
[2025-04-05T11:33:06.457+0000] {logging_mixin.py:137} INFO - [WARN] QQQ no data or error: {'Information': 'We have detected your API key as 9FYNWTAWK35E5BHA and our standard API rate limit is 25 requests per day. Please subscribe to any of the premium plans at https://www.alphavantage.co/premium/ to instantly remove all daily rate limits.'}
[2025-04-05T11:33:06.701+0000] {logging_mixin.py:137} INFO - [WARN] AUD/CNY no data: {'Information': 'Thank you for using Alpha Vantage! This is a premium endpoint. You may subscribe to any of the premium plans at https://www.alphavantage.co/premium/ to instantly unlock all premium endpoints'}
[2025-04-05T11:33:06.937+0000] {logging_mixin.py:137} INFO - [WARN] USD/CNY no data: {'Information': 'Thank you for using Alpha Vantage! This is a premium endpoint. You may subscribe to any of the premium plans at https://www.alphavantage.co/premium/ to instantly unlock all premium endpoints'}
[2025-04-05T11:33:06.937+0000] {logging_mixin.py:137} INFO - [INFO] Alpha Vantage data ingestion finished.
[2025-04-05T11:33:06.938+0000] {python.py:177} INFO - Done. Returned value was: None
[2025-04-05T11:33:06.955+0000] {taskinstance.py:1323} INFO - Marking task as SUCCESS. dag_id=alpha_vantage_pipeline, task_id=ingest_alpha_data, execution_date=20250405T113300, start_date=20250405T113303, end_date=20250405T113306
[2025-04-05T11:33:07.012+0000] {local_task_job.py:208} INFO - Task exited with return code 0
[2025-04-05T11:33:07.038+0000] {taskinstance.py:2578} INFO - 1 downstream tasks scheduled from follow-on schedule check
