[2025-04-06T00:30:49.746+0000] {taskinstance.py:1083} INFO - Dependencies all met for <TaskInstance: alpha_vantage_pipeline.dbt_run scheduled__2025-04-06T00:00:00+00:00 [queued]>
[2025-04-06T00:30:49.772+0000] {taskinstance.py:1083} INFO - Dependencies all met for <TaskInstance: alpha_vantage_pipeline.dbt_run scheduled__2025-04-06T00:00:00+00:00 [queued]>
[2025-04-06T00:30:49.773+0000] {taskinstance.py:1279} INFO - 
--------------------------------------------------------------------------------
[2025-04-06T00:30:49.773+0000] {taskinstance.py:1280} INFO - Starting attempt 1 of 2
[2025-04-06T00:30:49.774+0000] {taskinstance.py:1281} INFO - 
--------------------------------------------------------------------------------
[2025-04-06T00:30:49.816+0000] {taskinstance.py:1300} INFO - Executing <Task(PythonOperator): dbt_run> on 2025-04-06 00:00:00+00:00
[2025-04-06T00:30:49.830+0000] {standard_task_runner.py:55} INFO - Started process 247 to run task
[2025-04-06T00:30:49.833+0000] {standard_task_runner.py:82} INFO - Running: ['***', 'tasks', 'run', 'alpha_vantage_pipeline', 'dbt_run', 'scheduled__2025-04-06T00:00:00+00:00', '--job-id', '242', '--raw', '--subdir', 'DAGS_FOLDER/alpha_vantage_pipeline.py', '--cfg-path', '/tmp/tmpgd45qt0_']
[2025-04-06T00:30:49.836+0000] {standard_task_runner.py:83} INFO - Job 242: Subtask dbt_run
[2025-04-06T00:30:49.892+0000] {task_command.py:388} INFO - Running <TaskInstance: alpha_vantage_pipeline.dbt_run scheduled__2025-04-06T00:00:00+00:00 [running]> on host b2ccb7588994
[2025-04-06T00:30:49.952+0000] {taskinstance.py:1509} INFO - Exporting the following env vars:
AIRFLOW_CTX_DAG_OWNER=***
AIRFLOW_CTX_DAG_ID=alpha_vantage_pipeline
AIRFLOW_CTX_TASK_ID=dbt_run
AIRFLOW_CTX_EXECUTION_DATE=2025-04-06T00:00:00+00:00
AIRFLOW_CTX_TRY_NUMBER=1
AIRFLOW_CTX_DAG_RUN_ID=scheduled__2025-04-06T00:00:00+00:00
[2025-04-06T00:30:55.428+0000] {python.py:177} INFO - Done. Returned value was: None
[2025-04-06T00:30:55.442+0000] {taskinstance.py:1323} INFO - Marking task as SUCCESS. dag_id=alpha_vantage_pipeline, task_id=dbt_run, execution_date=20250406T000000, start_date=20250406T003049, end_date=20250406T003055
[2025-04-06T00:30:55.488+0000] {local_task_job.py:208} INFO - Task exited with return code 0
[2025-04-06T00:30:55.512+0000] {taskinstance.py:2578} INFO - 1 downstream tasks scheduled from follow-on schedule check
