[2025-04-05T11:00:01.520+0000] {taskinstance.py:1083} INFO - Dependencies all met for <TaskInstance: alpha_vantage_pipeline.ingest_alpha_data scheduled__2025-04-05T10:30:00+00:00 [queued]>
[2025-04-05T11:00:01.527+0000] {taskinstance.py:1083} INFO - Dependencies all met for <TaskInstance: alpha_vantage_pipeline.ingest_alpha_data scheduled__2025-04-05T10:30:00+00:00 [queued]>
[2025-04-05T11:00:01.527+0000] {taskinstance.py:1279} INFO - 
--------------------------------------------------------------------------------
[2025-04-05T11:00:01.527+0000] {taskinstance.py:1280} INFO - Starting attempt 1 of 2
[2025-04-05T11:00:01.528+0000] {taskinstance.py:1281} INFO - 
--------------------------------------------------------------------------------
[2025-04-05T11:00:01.539+0000] {taskinstance.py:1300} INFO - Executing <Task(PythonOperator): ingest_alpha_data> on 2025-04-05 10:30:00+00:00
[2025-04-05T11:00:01.547+0000] {standard_task_runner.py:55} INFO - Started process 377 to run task
[2025-04-05T11:00:01.549+0000] {standard_task_runner.py:82} INFO - Running: ['***', 'tasks', 'run', 'alpha_vantage_pipeline', 'ingest_alpha_data', 'scheduled__2025-04-05T10:30:00+00:00', '--job-id', '116', '--raw', '--subdir', 'DAGS_FOLDER/alpha_vantage_pipeline.py', '--cfg-path', '/tmp/tmpqhgf77dw']
[2025-04-05T11:00:01.551+0000] {standard_task_runner.py:83} INFO - Job 116: Subtask ingest_alpha_data
[2025-04-05T11:00:01.608+0000] {task_command.py:388} INFO - Running <TaskInstance: alpha_vantage_pipeline.ingest_alpha_data scheduled__2025-04-05T10:30:00+00:00 [running]> on host eccb4f050c52
[2025-04-05T11:00:01.669+0000] {taskinstance.py:1509} INFO - Exporting the following env vars:
AIRFLOW_CTX_DAG_OWNER=***
AIRFLOW_CTX_DAG_ID=alpha_vantage_pipeline
AIRFLOW_CTX_TASK_ID=ingest_alpha_data
AIRFLOW_CTX_EXECUTION_DATE=2025-04-05T10:30:00+00:00
AIRFLOW_CTX_TRY_NUMBER=1
AIRFLOW_CTX_DAG_RUN_ID=scheduled__2025-04-05T10:30:00+00:00
[2025-04-05T11:00:03.122+0000] {logging_mixin.py:137} INFO - [INFO] Uploaded USO -> raw/alpha_vantage/USO/2025-04-05-11-00.csv
[2025-04-05T11:00:04.516+0000] {logging_mixin.py:137} INFO - [INFO] Uploaded AAPL -> raw/alpha_vantage/AAPL/2025-04-05-11-00.csv
[2025-04-05T11:00:05.351+0000] {logging_mixin.py:137} INFO - [INFO] Uploaded QQQ -> raw/alpha_vantage/QQQ/2025-04-05-11-00.csv
[2025-04-05T11:00:05.603+0000] {logging_mixin.py:137} INFO - [WARN] AUD/CNY no data: {'Information': 'Thank you for using Alpha Vantage! This is a premium endpoint. You may subscribe to any of the premium plans at https://www.alphavantage.co/premium/ to instantly unlock all premium endpoints'}
[2025-04-05T11:00:05.895+0000] {logging_mixin.py:137} INFO - [WARN] USD/CNY no data: {'Information': 'Thank you for using Alpha Vantage! This is a premium endpoint. You may subscribe to any of the premium plans at https://www.alphavantage.co/premium/ to instantly unlock all premium endpoints'}
[2025-04-05T11:00:05.895+0000] {python.py:177} INFO - Done. Returned value was: None
[2025-04-05T11:00:05.906+0000] {taskinstance.py:1323} INFO - Marking task as SUCCESS. dag_id=alpha_vantage_pipeline, task_id=ingest_alpha_data, execution_date=20250405T103000, start_date=20250405T110001, end_date=20250405T110005
[2025-04-05T11:00:05.937+0000] {local_task_job.py:208} INFO - Task exited with return code 0
[2025-04-05T11:00:05.963+0000] {taskinstance.py:2578} INFO - 1 downstream tasks scheduled from follow-on schedule check
