[2025-04-05T12:07:19.166+0000] {taskinstance.py:1083} INFO - Dependencies all met for <TaskInstance: alpha_vantage_pipeline.ingest_alpha_data scheduled__2025-04-05T11:30:00+00:00 [queued]>
[2025-04-05T12:07:19.193+0000] {taskinstance.py:1083} INFO - Dependencies all met for <TaskInstance: alpha_vantage_pipeline.ingest_alpha_data scheduled__2025-04-05T11:30:00+00:00 [queued]>
[2025-04-05T12:07:19.193+0000] {taskinstance.py:1279} INFO - 
--------------------------------------------------------------------------------
[2025-04-05T12:07:19.195+0000] {taskinstance.py:1280} INFO - Starting attempt 1 of 2
[2025-04-05T12:07:19.196+0000] {taskinstance.py:1281} INFO - 
--------------------------------------------------------------------------------
[2025-04-05T12:07:19.232+0000] {taskinstance.py:1300} INFO - Executing <Task(PythonOperator): ingest_alpha_data> on 2025-04-05 11:30:00+00:00
[2025-04-05T12:07:19.256+0000] {standard_task_runner.py:55} INFO - Started process 175 to run task
[2025-04-05T12:07:19.274+0000] {standard_task_runner.py:82} INFO - Running: ['***', 'tasks', 'run', 'alpha_vantage_pipeline', 'ingest_alpha_data', 'scheduled__2025-04-05T11:30:00+00:00', '--job-id', '158', '--raw', '--subdir', 'DAGS_FOLDER/alpha_vantage_pipeline.py', '--cfg-path', '/tmp/tmpu3vd50vq']
[2025-04-05T12:07:19.284+0000] {standard_task_runner.py:83} INFO - Job 158: Subtask ingest_alpha_data
[2025-04-05T12:07:19.480+0000] {task_command.py:388} INFO - Running <TaskInstance: alpha_vantage_pipeline.ingest_alpha_data scheduled__2025-04-05T11:30:00+00:00 [running]> on host d8a7f900a551
[2025-04-05T12:07:19.887+0000] {taskinstance.py:1509} INFO - Exporting the following env vars:
AIRFLOW_CTX_DAG_OWNER=***
AIRFLOW_CTX_DAG_ID=alpha_vantage_pipeline
AIRFLOW_CTX_TASK_ID=ingest_alpha_data
AIRFLOW_CTX_EXECUTION_DATE=2025-04-05T11:30:00+00:00
AIRFLOW_CTX_TRY_NUMBER=1
AIRFLOW_CTX_DAG_RUN_ID=scheduled__2025-04-05T11:30:00+00:00
[2025-04-05T12:07:20.634+0000] {logging_mixin.py:137} INFO - [WARN] USO no data or error: {'Information': 'We have detected your API key as 9FYNWTAWK35E5BHA and our standard API rate limit is 25 requests per day. Please subscribe to any of the premium plans at https://www.alphavantage.co/premium/ to instantly remove all daily rate limits.'}
[2025-04-05T12:07:20.954+0000] {logging_mixin.py:137} INFO - [WARN] AAPL no data or error: {'Information': 'We have detected your API key as 9FYNWTAWK35E5BHA and our standard API rate limit is 25 requests per day. Please subscribe to any of the premium plans at https://www.alphavantage.co/premium/ to instantly remove all daily rate limits.'}
[2025-04-05T12:07:21.303+0000] {logging_mixin.py:137} INFO - [WARN] QQQ no data or error: {'Information': 'We have detected your API key as 9FYNWTAWK35E5BHA and our standard API rate limit is 25 requests per day. Please subscribe to any of the premium plans at https://www.alphavantage.co/premium/ to instantly remove all daily rate limits.'}
[2025-04-05T12:07:21.641+0000] {logging_mixin.py:137} INFO - [WARN] AUD/CNY no real-time data: {'Information': 'We have detected your API key as 9FYNWTAWK35E5BHA and our standard API rate limit is 25 requests per day. Please subscribe to any of the premium plans at https://www.alphavantage.co/premium/ to instantly remove all daily rate limits.'}
[2025-04-05T12:07:21.969+0000] {logging_mixin.py:137} INFO - [WARN] USD/CNY no real-time data: {'Information': 'We have detected your API key as 9FYNWTAWK35E5BHA and our standard API rate limit is 25 requests per day. Please subscribe to any of the premium plans at https://www.alphavantage.co/premium/ to instantly remove all daily rate limits.'}
[2025-04-05T12:07:21.971+0000] {python.py:177} INFO - Done. Returned value was: None
[2025-04-05T12:07:22.008+0000] {taskinstance.py:1323} INFO - Marking task as SUCCESS. dag_id=alpha_vantage_pipeline, task_id=ingest_alpha_data, execution_date=20250405T113000, start_date=20250405T120719, end_date=20250405T120722
[2025-04-05T12:07:22.115+0000] {local_task_job.py:208} INFO - Task exited with return code 0
[2025-04-05T12:07:22.305+0000] {taskinstance.py:2578} INFO - 1 downstream tasks scheduled from follow-on schedule check
