[2025-04-06T12:56:20.383+0000] {taskinstance.py:1083} INFO - Dependencies all met for <TaskInstance: alpha_vantage_pipeline.load_stocks scheduled__2025-04-06T08:00:00+00:00 [queued]>
[2025-04-06T12:56:20.452+0000] {taskinstance.py:1083} INFO - Dependencies all met for <TaskInstance: alpha_vantage_pipeline.load_stocks scheduled__2025-04-06T08:00:00+00:00 [queued]>
[2025-04-06T12:56:20.458+0000] {taskinstance.py:1279} INFO - 
--------------------------------------------------------------------------------
[2025-04-06T12:56:20.460+0000] {taskinstance.py:1280} INFO - Starting attempt 1 of 2
[2025-04-06T12:56:20.461+0000] {taskinstance.py:1281} INFO - 
--------------------------------------------------------------------------------
[2025-04-06T12:56:20.556+0000] {taskinstance.py:1300} INFO - Executing <Task(GCSToBigQueryOperator): load_stocks> on 2025-04-06 08:00:00+00:00
[2025-04-06T12:56:20.600+0000] {standard_task_runner.py:55} INFO - Started process 289 to run task
[2025-04-06T12:56:20.618+0000] {standard_task_runner.py:82} INFO - Running: ['***', 'tasks', 'run', 'alpha_vantage_pipeline', 'load_stocks', 'scheduled__2025-04-06T08:00:00+00:00', '--job-id', '316', '--raw', '--subdir', 'DAGS_FOLDER/alpha_vantage_pipeline.py', '--cfg-path', '/tmp/tmpbix6xcod']
[2025-04-06T12:56:20.626+0000] {standard_task_runner.py:83} INFO - Job 316: Subtask load_stocks
[2025-04-06T12:56:20.930+0000] {task_command.py:388} INFO - Running <TaskInstance: alpha_vantage_pipeline.load_stocks scheduled__2025-04-06T08:00:00+00:00 [running]> on host 33ec86a0fe7a
[2025-04-06T12:56:21.254+0000] {taskinstance.py:1509} INFO - Exporting the following env vars:
AIRFLOW_CTX_DAG_OWNER=***
AIRFLOW_CTX_DAG_ID=alpha_vantage_pipeline
AIRFLOW_CTX_TASK_ID=load_stocks
AIRFLOW_CTX_EXECUTION_DATE=2025-04-06T08:00:00+00:00
AIRFLOW_CTX_TRY_NUMBER=1
AIRFLOW_CTX_DAG_RUN_ID=scheduled__2025-04-06T08:00:00+00:00
[2025-04-06T12:56:21.289+0000] {base.py:73} INFO - Using connection ID 'google_cloud_default' for task execution.
[2025-04-06T12:56:21.292+0000] {gcs_to_bigquery.py:377} INFO - Using existing BigQuery table for storing data...
[2025-04-06T12:56:21.301+0000] {credentials_provider.py:323} INFO - Getting connection using `google.auth.default()` since no key file is defined for hook.
[2025-04-06T12:56:21.542+0000] {gcs_to_bigquery.py:381} INFO - Executing: {'load': {'autodetect': True, 'createDisposition': 'CREATE_IF_NEEDED', 'destinationTable': {'projectId': 'finflow-455108', 'datasetId': 'my_dataset', 'tableId': 'final_table_stocks'}, 'sourceFormat': 'CSV', 'sourceUris': ['gs://finflow-455108-data-lake/raw/alpha_vantage/USO/*.csv', 'gs://finflow-455108-data-lake/raw/alpha_vantage/AAPL/*.csv', 'gs://finflow-455108-data-lake/raw/alpha_vantage/QQQ/*.csv'], 'writeDisposition': 'WRITE_TRUNCATE', 'ignoreUnknownValues': False, 'skipLeadingRows': None, 'fieldDelimiter': ',', 'quote': None, 'allowQuotedNewlines': False, 'encoding': 'UTF-8'}}
[2025-04-06T12:56:21.544+0000] {bigquery.py:1542} INFO - Inserting job ***_alpha_vantage_pipeline_load_stocks_2025_04_06T08_00_00_00_00_abb9efc09fed462a500e82df480d5f5d
[2025-04-06T12:56:27.725+0000] {taskinstance.py:1323} INFO - Marking task as SUCCESS. dag_id=alpha_vantage_pipeline, task_id=load_stocks, execution_date=20250406T080000, start_date=20250406T125620, end_date=20250406T125627
[2025-04-06T12:56:27.960+0000] {local_task_job.py:208} INFO - Task exited with return code 0
[2025-04-06T12:56:28.253+0000] {taskinstance.py:2578} INFO - 0 downstream tasks scheduled from follow-on schedule check
