[2025-04-06T00:30:39.697+0000] {taskinstance.py:1083} INFO - Dependencies all met for <TaskInstance: alpha_vantage_pipeline.ingest_alpha_data scheduled__2025-04-06T00:00:00+00:00 [queued]>
[2025-04-06T00:30:39.708+0000] {taskinstance.py:1083} INFO - Dependencies all met for <TaskInstance: alpha_vantage_pipeline.ingest_alpha_data scheduled__2025-04-06T00:00:00+00:00 [queued]>
[2025-04-06T00:30:39.709+0000] {taskinstance.py:1279} INFO - 
--------------------------------------------------------------------------------
[2025-04-06T00:30:39.709+0000] {taskinstance.py:1280} INFO - Starting attempt 1 of 2
[2025-04-06T00:30:39.709+0000] {taskinstance.py:1281} INFO - 
--------------------------------------------------------------------------------
[2025-04-06T00:30:39.725+0000] {taskinstance.py:1300} INFO - Executing <Task(PythonOperator): ingest_alpha_data> on 2025-04-06 00:00:00+00:00
[2025-04-06T00:30:39.738+0000] {standard_task_runner.py:55} INFO - Started process 177 to run task
[2025-04-06T00:30:39.743+0000] {standard_task_runner.py:82} INFO - Running: ['***', 'tasks', 'run', 'alpha_vantage_pipeline', 'ingest_alpha_data', 'scheduled__2025-04-06T00:00:00+00:00', '--job-id', '240', '--raw', '--subdir', 'DAGS_FOLDER/alpha_vantage_pipeline.py', '--cfg-path', '/tmp/tmptzvg6863']
[2025-04-06T00:30:39.744+0000] {standard_task_runner.py:83} INFO - Job 240: Subtask ingest_alpha_data
[2025-04-06T00:30:39.856+0000] {task_command.py:388} INFO - Running <TaskInstance: alpha_vantage_pipeline.ingest_alpha_data scheduled__2025-04-06T00:00:00+00:00 [running]> on host b2ccb7588994
[2025-04-06T00:30:40.035+0000] {taskinstance.py:1509} INFO - Exporting the following env vars:
AIRFLOW_CTX_DAG_OWNER=***
AIRFLOW_CTX_DAG_ID=alpha_vantage_pipeline
AIRFLOW_CTX_TASK_ID=ingest_alpha_data
AIRFLOW_CTX_EXECUTION_DATE=2025-04-06T00:00:00+00:00
AIRFLOW_CTX_TRY_NUMBER=1
AIRFLOW_CTX_DAG_RUN_ID=scheduled__2025-04-06T00:00:00+00:00
[2025-04-06T00:30:40.456+0000] {logging_mixin.py:137} INFO - [WARN] USO no data or error: {'Information': 'We have detected your API key as 9FYNWTAWK35E5BHA and our standard API rate limit is 25 requests per day. Please subscribe to any of the premium plans at https://www.alphavantage.co/premium/ to instantly remove all daily rate limits.'}
[2025-04-06T00:30:40.748+0000] {logging_mixin.py:137} INFO - [WARN] AAPL no data or error: {'Information': 'We have detected your API key as 9FYNWTAWK35E5BHA and our standard API rate limit is 25 requests per day. Please subscribe to any of the premium plans at https://www.alphavantage.co/premium/ to instantly remove all daily rate limits.'}
[2025-04-06T00:30:41.016+0000] {logging_mixin.py:137} INFO - [WARN] QQQ no data or error: {'Information': 'We have detected your API key as 9FYNWTAWK35E5BHA and our standard API rate limit is 25 requests per day. Please subscribe to any of the premium plans at https://www.alphavantage.co/premium/ to instantly remove all daily rate limits.'}
[2025-04-06T00:30:41.313+0000] {logging_mixin.py:137} INFO - [WARN] AUD/CNY no real-time data: {'Information': 'We have detected your API key as 9FYNWTAWK35E5BHA and our standard API rate limit is 25 requests per day. Please subscribe to any of the premium plans at https://www.alphavantage.co/premium/ to instantly remove all daily rate limits.'}
[2025-04-06T00:30:41.569+0000] {logging_mixin.py:137} INFO - [WARN] USD/CNY no real-time data: {'Information': 'We have detected your API key as 9FYNWTAWK35E5BHA and our standard API rate limit is 25 requests per day. Please subscribe to any of the premium plans at https://www.alphavantage.co/premium/ to instantly remove all daily rate limits.'}
[2025-04-06T00:30:41.569+0000] {python.py:177} INFO - Done. Returned value was: None
[2025-04-06T00:30:41.589+0000] {taskinstance.py:1323} INFO - Marking task as SUCCESS. dag_id=alpha_vantage_pipeline, task_id=ingest_alpha_data, execution_date=20250406T000000, start_date=20250406T003039, end_date=20250406T003041
[2025-04-06T00:30:41.649+0000] {local_task_job.py:208} INFO - Task exited with return code 0
[2025-04-06T00:30:41.708+0000] {taskinstance.py:2578} INFO - 0 downstream tasks scheduled from follow-on schedule check
