[2025-04-06T01:00:04.222+0000] {taskinstance.py:1083} INFO - Dependencies all met for <TaskInstance: alpha_vantage_pipeline.ingest_alpha_data scheduled__2025-04-06T00:30:00+00:00 [queued]>
[2025-04-06T01:00:04.253+0000] {taskinstance.py:1083} INFO - Dependencies all met for <TaskInstance: alpha_vantage_pipeline.ingest_alpha_data scheduled__2025-04-06T00:30:00+00:00 [queued]>
[2025-04-06T01:00:04.254+0000] {taskinstance.py:1279} INFO - 
--------------------------------------------------------------------------------
[2025-04-06T01:00:04.255+0000] {taskinstance.py:1280} INFO - Starting attempt 1 of 2
[2025-04-06T01:00:04.255+0000] {taskinstance.py:1281} INFO - 
--------------------------------------------------------------------------------
[2025-04-06T01:00:04.309+0000] {taskinstance.py:1300} INFO - Executing <Task(PythonOperator): ingest_alpha_data> on 2025-04-06 00:30:00+00:00
[2025-04-06T01:00:04.335+0000] {standard_task_runner.py:55} INFO - Started process 177 to run task
[2025-04-06T01:00:04.349+0000] {standard_task_runner.py:82} INFO - Running: ['***', 'tasks', 'run', 'alpha_vantage_pipeline', 'ingest_alpha_data', 'scheduled__2025-04-06T00:30:00+00:00', '--job-id', '254', '--raw', '--subdir', 'DAGS_FOLDER/alpha_vantage_pipeline.py', '--cfg-path', '/tmp/tmp7j54u5fk']
[2025-04-06T01:00:04.354+0000] {standard_task_runner.py:83} INFO - Job 254: Subtask ingest_alpha_data
[2025-04-06T01:00:04.591+0000] {task_command.py:388} INFO - Running <TaskInstance: alpha_vantage_pipeline.ingest_alpha_data scheduled__2025-04-06T00:30:00+00:00 [running]> on host aca641349d5d
[2025-04-06T01:00:04.792+0000] {taskinstance.py:1509} INFO - Exporting the following env vars:
AIRFLOW_CTX_DAG_OWNER=***
AIRFLOW_CTX_DAG_ID=alpha_vantage_pipeline
AIRFLOW_CTX_TASK_ID=ingest_alpha_data
AIRFLOW_CTX_EXECUTION_DATE=2025-04-06T00:30:00+00:00
AIRFLOW_CTX_TRY_NUMBER=1
AIRFLOW_CTX_DAG_RUN_ID=scheduled__2025-04-06T00:30:00+00:00
[2025-04-06T01:00:05.417+0000] {logging_mixin.py:137} INFO - [WARN] USO no data or error: {'Information': 'We have detected your API key as 9FYNWTAWK35E5BHA and our standard API rate limit is 25 requests per day. Please subscribe to any of the premium plans at https://www.alphavantage.co/premium/ to instantly remove all daily rate limits.'}
[2025-04-06T01:00:05.868+0000] {logging_mixin.py:137} INFO - [WARN] AAPL no data or error: {'Information': 'We have detected your API key as 9FYNWTAWK35E5BHA and our standard API rate limit is 25 requests per day. Please subscribe to any of the premium plans at https://www.alphavantage.co/premium/ to instantly remove all daily rate limits.'}
[2025-04-06T01:00:06.241+0000] {logging_mixin.py:137} INFO - [WARN] QQQ no data or error: {'Information': 'We have detected your API key as 9FYNWTAWK35E5BHA and our standard API rate limit is 25 requests per day. Please subscribe to any of the premium plans at https://www.alphavantage.co/premium/ to instantly remove all daily rate limits.'}
[2025-04-06T01:00:06.602+0000] {logging_mixin.py:137} INFO - [WARN] AUD/CNY no real-time data: {'Information': 'We have detected your API key as 9FYNWTAWK35E5BHA and our standard API rate limit is 25 requests per day. Please subscribe to any of the premium plans at https://www.alphavantage.co/premium/ to instantly remove all daily rate limits.'}
[2025-04-06T01:00:07.085+0000] {logging_mixin.py:137} INFO - [WARN] USD/CNY no real-time data: {'Information': 'We have detected your API key as 9FYNWTAWK35E5BHA and our standard API rate limit is 25 requests per day. Please subscribe to any of the premium plans at https://www.alphavantage.co/premium/ to instantly remove all daily rate limits.'}
[2025-04-06T01:00:07.094+0000] {python.py:177} INFO - Done. Returned value was: None
[2025-04-06T01:00:07.155+0000] {taskinstance.py:1323} INFO - Marking task as SUCCESS. dag_id=alpha_vantage_pipeline, task_id=ingest_alpha_data, execution_date=20250406T003000, start_date=20250406T010004, end_date=20250406T010007
[2025-04-06T01:00:07.290+0000] {local_task_job.py:208} INFO - Task exited with return code 0
[2025-04-06T01:00:07.507+0000] {taskinstance.py:2578} INFO - 1 downstream tasks scheduled from follow-on schedule check
