[2025-04-05T11:13:28.165+0000] {taskinstance.py:1083} INFO - Dependencies all met for <TaskInstance: alpha_vantage_pipeline.dbt_run manual__2025-04-05T11:13:14.349807+00:00 [queued]>
[2025-04-05T11:13:28.186+0000] {taskinstance.py:1083} INFO - Dependencies all met for <TaskInstance: alpha_vantage_pipeline.dbt_run manual__2025-04-05T11:13:14.349807+00:00 [queued]>
[2025-04-05T11:13:28.187+0000] {taskinstance.py:1279} INFO - 
--------------------------------------------------------------------------------
[2025-04-05T11:13:28.187+0000] {taskinstance.py:1280} INFO - Starting attempt 1 of 2
[2025-04-05T11:13:28.187+0000] {taskinstance.py:1281} INFO - 
--------------------------------------------------------------------------------
[2025-04-05T11:13:28.232+0000] {taskinstance.py:1300} INFO - Executing <Task(PythonOperator): dbt_run> on 2025-04-05 11:13:14.349807+00:00
[2025-04-05T11:13:28.257+0000] {standard_task_runner.py:55} INFO - Started process 254 to run task
[2025-04-05T11:13:28.268+0000] {standard_task_runner.py:82} INFO - Running: ['***', 'tasks', 'run', 'alpha_vantage_pipeline', 'dbt_run', 'manual__2025-04-05T11:13:14.349807+00:00', '--job-id', '135', '--raw', '--subdir', 'DAGS_FOLDER/alpha_vantage_pipeline.py', '--cfg-path', '/tmp/tmpwc0cxofo']
[2025-04-05T11:13:28.278+0000] {standard_task_runner.py:83} INFO - Job 135: Subtask dbt_run
[2025-04-05T11:13:28.414+0000] {task_command.py:388} INFO - Running <TaskInstance: alpha_vantage_pipeline.dbt_run manual__2025-04-05T11:13:14.349807+00:00 [running]> on host 31979a116a32
[2025-04-05T11:13:28.509+0000] {taskinstance.py:1509} INFO - Exporting the following env vars:
AIRFLOW_CTX_DAG_OWNER=***
AIRFLOW_CTX_DAG_ID=alpha_vantage_pipeline
AIRFLOW_CTX_TASK_ID=dbt_run
AIRFLOW_CTX_EXECUTION_DATE=2025-04-05T11:13:14.349807+00:00
AIRFLOW_CTX_TRY_NUMBER=1
AIRFLOW_CTX_DAG_RUN_ID=manual__2025-04-05T11:13:14.349807+00:00
[2025-04-05T11:13:33.990+0000] {python.py:177} INFO - Done. Returned value was: None
[2025-04-05T11:13:34.006+0000] {taskinstance.py:1323} INFO - Marking task as SUCCESS. dag_id=alpha_vantage_pipeline, task_id=dbt_run, execution_date=20250405T111314, start_date=20250405T111328, end_date=20250405T111334
[2025-04-05T11:13:34.034+0000] {local_task_job.py:208} INFO - Task exited with return code 0
[2025-04-05T11:13:34.061+0000] {taskinstance.py:2578} INFO - 1 downstream tasks scheduled from follow-on schedule check
