[2025-04-06T12:54:17.934+0000] {taskinstance.py:1083} INFO - Dependencies all met for <TaskInstance: alpha_vantage_pipeline.ingest_alpha_data scheduled__2025-04-06T08:00:00+00:00 [queued]>
[2025-04-06T12:54:18.031+0000] {taskinstance.py:1083} INFO - Dependencies all met for <TaskInstance: alpha_vantage_pipeline.ingest_alpha_data scheduled__2025-04-06T08:00:00+00:00 [queued]>
[2025-04-06T12:54:18.037+0000] {taskinstance.py:1279} INFO - 
--------------------------------------------------------------------------------
[2025-04-06T12:54:18.039+0000] {taskinstance.py:1280} INFO - Starting attempt 1 of 2
[2025-04-06T12:54:18.039+0000] {taskinstance.py:1281} INFO - 
--------------------------------------------------------------------------------
[2025-04-06T12:54:18.213+0000] {taskinstance.py:1300} INFO - Executing <Task(PythonOperator): ingest_alpha_data> on 2025-04-06 08:00:00+00:00
[2025-04-06T12:54:18.284+0000] {standard_task_runner.py:55} INFO - Started process 174 to run task
[2025-04-06T12:54:18.315+0000] {standard_task_runner.py:82} INFO - Running: ['***', 'tasks', 'run', 'alpha_vantage_pipeline', 'ingest_alpha_data', 'scheduled__2025-04-06T08:00:00+00:00', '--job-id', '313', '--raw', '--subdir', 'DAGS_FOLDER/alpha_vantage_pipeline.py', '--cfg-path', '/tmp/tmp05mtyqtf']
[2025-04-06T12:54:18.327+0000] {standard_task_runner.py:83} INFO - Job 313: Subtask ingest_alpha_data
[2025-04-06T12:54:18.855+0000] {task_command.py:388} INFO - Running <TaskInstance: alpha_vantage_pipeline.ingest_alpha_data scheduled__2025-04-06T08:00:00+00:00 [running]> on host 33ec86a0fe7a
[2025-04-06T12:54:20.124+0000] {taskinstance.py:1509} INFO - Exporting the following env vars:
AIRFLOW_CTX_DAG_OWNER=***
AIRFLOW_CTX_DAG_ID=alpha_vantage_pipeline
AIRFLOW_CTX_TASK_ID=ingest_alpha_data
AIRFLOW_CTX_EXECUTION_DATE=2025-04-06T08:00:00+00:00
AIRFLOW_CTX_TRY_NUMBER=1
AIRFLOW_CTX_DAG_RUN_ID=scheduled__2025-04-06T08:00:00+00:00
[2025-04-06T12:54:23.424+0000] {logging_mixin.py:137} INFO - [INFO] Uploaded USO -> raw/alpha_vantage/USO/2025-04-06-12-54.csv
[2025-04-06T12:54:24.359+0000] {logging_mixin.py:137} INFO - [INFO] Uploaded AAPL -> raw/alpha_vantage/AAPL/2025-04-06-12-54.csv
[2025-04-06T12:54:25.310+0000] {logging_mixin.py:137} INFO - [INFO] Uploaded QQQ -> raw/alpha_vantage/QQQ/2025-04-06-12-54.csv
[2025-04-06T12:54:26.051+0000] {logging_mixin.py:137} INFO - [INFO] Uploaded realtime AUD_CNY -> raw/alpha_vantage/AUD_CNY/2025-04-06-12-54.csv
[2025-04-06T12:54:26.864+0000] {logging_mixin.py:137} INFO - [INFO] Uploaded realtime USD_CNY -> raw/alpha_vantage/USD_CNY/2025-04-06-12-54.csv
[2025-04-06T12:54:26.866+0000] {python.py:177} INFO - Done. Returned value was: None
[2025-04-06T12:54:26.993+0000] {taskinstance.py:1323} INFO - Marking task as SUCCESS. dag_id=alpha_vantage_pipeline, task_id=ingest_alpha_data, execution_date=20250406T080000, start_date=20250406T125417, end_date=20250406T125426
[2025-04-06T12:54:27.681+0000] {local_task_job.py:208} INFO - Task exited with return code 0
[2025-04-06T12:54:28.062+0000] {taskinstance.py:2578} INFO - 1 downstream tasks scheduled from follow-on schedule check
