[2025-04-05T10:42:22.099+0000] {taskinstance.py:1083} INFO - Dependencies all met for <TaskInstance: alpha_vantage_pipeline.load_to_bq scheduled__2025-04-05T10:00:00+00:00 [queued]>
[2025-04-05T10:42:22.221+0000] {taskinstance.py:1083} INFO - Dependencies all met for <TaskInstance: alpha_vantage_pipeline.load_to_bq scheduled__2025-04-05T10:00:00+00:00 [queued]>
[2025-04-05T10:42:22.221+0000] {taskinstance.py:1279} INFO - 
--------------------------------------------------------------------------------
[2025-04-05T10:42:22.222+0000] {taskinstance.py:1280} INFO - Starting attempt 2 of 2
[2025-04-05T10:42:22.222+0000] {taskinstance.py:1281} INFO - 
--------------------------------------------------------------------------------
[2025-04-05T10:42:22.377+0000] {taskinstance.py:1300} INFO - Executing <Task(GCSToBigQueryOperator): load_to_bq> on 2025-04-05 10:00:00+00:00
[2025-04-05T10:42:22.417+0000] {standard_task_runner.py:55} INFO - Started process 175 to run task
[2025-04-05T10:42:22.436+0000] {standard_task_runner.py:82} INFO - Running: ['***', 'tasks', 'run', 'alpha_vantage_pipeline', 'load_to_bq', 'scheduled__2025-04-05T10:00:00+00:00', '--job-id', '96', '--raw', '--subdir', 'DAGS_FOLDER/alpha_vantage_pipeline.py', '--cfg-path', '/tmp/tmpbfethc42']
[2025-04-05T10:42:22.444+0000] {standard_task_runner.py:83} INFO - Job 96: Subtask load_to_bq
[2025-04-05T10:42:22.755+0000] {task_command.py:388} INFO - Running <TaskInstance: alpha_vantage_pipeline.load_to_bq scheduled__2025-04-05T10:00:00+00:00 [running]> on host fef7d109af3a
[2025-04-05T10:42:23.415+0000] {taskinstance.py:1509} INFO - Exporting the following env vars:
AIRFLOW_CTX_DAG_OWNER=***
AIRFLOW_CTX_DAG_ID=alpha_vantage_pipeline
AIRFLOW_CTX_TASK_ID=load_to_bq
AIRFLOW_CTX_EXECUTION_DATE=2025-04-05T10:00:00+00:00
AIRFLOW_CTX_TRY_NUMBER=2
AIRFLOW_CTX_DAG_RUN_ID=scheduled__2025-04-05T10:00:00+00:00
[2025-04-05T10:42:23.491+0000] {base.py:73} INFO - Using connection ID 'google_cloud_default' for task execution.
[2025-04-05T10:42:23.495+0000] {gcs_to_bigquery.py:377} INFO - Using existing BigQuery table for storing data...
[2025-04-05T10:42:23.502+0000] {credentials_provider.py:323} INFO - Getting connection using `google.auth.default()` since no key file is defined for hook.
[2025-04-05T10:42:23.958+0000] {gcs_to_bigquery.py:381} INFO - Executing: {'load': {'autodetect': True, 'createDisposition': 'CREATE_IF_NEEDED', 'destinationTable': {'projectId': 'finflow-455108', 'datasetId': 'my_dataset', 'tableId': 'final_table'}, 'sourceFormat': 'CSV', 'sourceUris': ['gs://finflow-455108-data-lake/raw/alpha_vantage/*.csv'], 'writeDisposition': 'WRITE_TRUNCATE', 'ignoreUnknownValues': False, 'skipLeadingRows': None, 'fieldDelimiter': ',', 'quote': None, 'allowQuotedNewlines': False, 'encoding': 'UTF-8'}}
[2025-04-05T10:42:23.963+0000] {bigquery.py:1542} INFO - Inserting job ***_alpha_vantage_pipeline_load_to_bq_2025_04_05T10_00_00_00_00_bb9963d0cbc02d8a8cf8b1431517cb49
[2025-04-05T10:42:30.034+0000] {taskinstance.py:1323} INFO - Marking task as SUCCESS. dag_id=alpha_vantage_pipeline, task_id=load_to_bq, execution_date=20250405T100000, start_date=20250405T104222, end_date=20250405T104230
[2025-04-05T10:42:30.183+0000] {local_task_job.py:208} INFO - Task exited with return code 0
[2025-04-05T10:42:30.340+0000] {taskinstance.py:2578} INFO - 0 downstream tasks scheduled from follow-on schedule check
