[2025-04-06T08:00:15.170+0000] {taskinstance.py:1083} INFO - Dependencies all met for <TaskInstance: alpha_vantage_pipeline.dbt_run scheduled__2025-04-05T20:00:00+00:00 [queued]>
[2025-04-06T08:00:15.177+0000] {taskinstance.py:1083} INFO - Dependencies all met for <TaskInstance: alpha_vantage_pipeline.dbt_run scheduled__2025-04-05T20:00:00+00:00 [queued]>
[2025-04-06T08:00:15.177+0000] {taskinstance.py:1279} INFO - 
--------------------------------------------------------------------------------
[2025-04-06T08:00:15.178+0000] {taskinstance.py:1280} INFO - Starting attempt 1 of 2
[2025-04-06T08:00:15.178+0000] {taskinstance.py:1281} INFO - 
--------------------------------------------------------------------------------
[2025-04-06T08:00:15.188+0000] {taskinstance.py:1300} INFO - Executing <Task(PythonOperator): dbt_run> on 2025-04-05 20:00:00+00:00
[2025-04-06T08:00:15.196+0000] {standard_task_runner.py:55} INFO - Started process 914 to run task
[2025-04-06T08:00:15.200+0000] {standard_task_runner.py:82} INFO - Running: ['***', 'tasks', 'run', 'alpha_vantage_pipeline', 'dbt_run', 'scheduled__2025-04-05T20:00:00+00:00', '--job-id', '305', '--raw', '--subdir', 'DAGS_FOLDER/alpha_vantage_pipeline.py', '--cfg-path', '/tmp/tmpnl4_16r4']
[2025-04-06T08:00:15.202+0000] {standard_task_runner.py:83} INFO - Job 305: Subtask dbt_run
[2025-04-06T08:00:15.280+0000] {task_command.py:388} INFO - Running <TaskInstance: alpha_vantage_pipeline.dbt_run scheduled__2025-04-05T20:00:00+00:00 [running]> on host aca641349d5d
[2025-04-06T08:00:15.379+0000] {taskinstance.py:1509} INFO - Exporting the following env vars:
AIRFLOW_CTX_DAG_OWNER=***
AIRFLOW_CTX_DAG_ID=alpha_vantage_pipeline
AIRFLOW_CTX_TASK_ID=dbt_run
AIRFLOW_CTX_EXECUTION_DATE=2025-04-05T20:00:00+00:00
AIRFLOW_CTX_TRY_NUMBER=1
AIRFLOW_CTX_DAG_RUN_ID=scheduled__2025-04-05T20:00:00+00:00
[2025-04-06T08:00:22.428+0000] {python.py:177} INFO - Done. Returned value was: None
[2025-04-06T08:00:22.450+0000] {taskinstance.py:1323} INFO - Marking task as SUCCESS. dag_id=alpha_vantage_pipeline, task_id=dbt_run, execution_date=20250405T200000, start_date=20250406T080015, end_date=20250406T080022
[2025-04-06T08:00:22.487+0000] {local_task_job.py:208} INFO - Task exited with return code 0
[2025-04-06T08:00:22.528+0000] {taskinstance.py:2578} INFO - 2 downstream tasks scheduled from follow-on schedule check
