[2025-04-06T08:00:35.127+0000] {taskinstance.py:1083} INFO - Dependencies all met for <TaskInstance: alpha_vantage_pipeline.analysis_task scheduled__2025-04-05T20:00:00+00:00 [queued]>
[2025-04-06T08:00:35.135+0000] {taskinstance.py:1083} INFO - Dependencies all met for <TaskInstance: alpha_vantage_pipeline.analysis_task scheduled__2025-04-05T20:00:00+00:00 [queued]>
[2025-04-06T08:00:35.135+0000] {taskinstance.py:1279} INFO - 
--------------------------------------------------------------------------------
[2025-04-06T08:00:35.135+0000] {taskinstance.py:1280} INFO - Starting attempt 1 of 2
[2025-04-06T08:00:35.135+0000] {taskinstance.py:1281} INFO - 
--------------------------------------------------------------------------------
[2025-04-06T08:00:35.146+0000] {taskinstance.py:1300} INFO - Executing <Task(PythonOperator): analysis_task> on 2025-04-05 20:00:00+00:00
[2025-04-06T08:00:35.155+0000] {standard_task_runner.py:55} INFO - Started process 940 to run task
[2025-04-06T08:00:35.157+0000] {standard_task_runner.py:82} INFO - Running: ['***', 'tasks', 'run', 'alpha_vantage_pipeline', 'analysis_task', 'scheduled__2025-04-05T20:00:00+00:00', '--job-id', '308', '--raw', '--subdir', 'DAGS_FOLDER/alpha_vantage_pipeline.py', '--cfg-path', '/tmp/tmpkn13xcq8']
[2025-04-06T08:00:35.159+0000] {standard_task_runner.py:83} INFO - Job 308: Subtask analysis_task
[2025-04-06T08:00:35.217+0000] {task_command.py:388} INFO - Running <TaskInstance: alpha_vantage_pipeline.analysis_task scheduled__2025-04-05T20:00:00+00:00 [running]> on host aca641349d5d
[2025-04-06T08:00:35.280+0000] {taskinstance.py:1509} INFO - Exporting the following env vars:
AIRFLOW_CTX_DAG_OWNER=***
AIRFLOW_CTX_DAG_ID=alpha_vantage_pipeline
AIRFLOW_CTX_TASK_ID=analysis_task
AIRFLOW_CTX_EXECUTION_DATE=2025-04-05T20:00:00+00:00
AIRFLOW_CTX_TRY_NUMBER=1
AIRFLOW_CTX_DAG_RUN_ID=scheduled__2025-04-05T20:00:00+00:00
[2025-04-06T08:00:36.642+0000] {logging_mixin.py:137} INFO - [INFO] Average close by stock symbol:
[2025-04-06T08:00:36.919+0000] {logging_mixin.py:137} INFO - Symbol=USO,  AvgClose=72.44159999999998
[2025-04-06T08:00:36.919+0000] {logging_mixin.py:137} INFO - Symbol=AAPL,  AvgClose=206.53880199999998
[2025-04-06T08:00:36.919+0000] {logging_mixin.py:137} INFO - Symbol=QQQ,  AvgClose=452.64049199999994
[2025-04-06T08:00:37.756+0000] {logging_mixin.py:137} INFO - 
[INFO] Average exchange rate by forex symbol:
[2025-04-06T08:00:38.024+0000] {logging_mixin.py:137} INFO - Symbol=AUD/CNY,  AvgFX=4.3942
[2025-04-06T08:00:38.024+0000] {logging_mixin.py:137} INFO - Symbol=USD/CNY,  AvgFX=7.2808
[2025-04-06T08:00:38.025+0000] {python.py:177} INFO - Done. Returned value was: None
[2025-04-06T08:00:38.038+0000] {taskinstance.py:1323} INFO - Marking task as SUCCESS. dag_id=alpha_vantage_pipeline, task_id=analysis_task, execution_date=20250405T200000, start_date=20250406T080035, end_date=20250406T080038
[2025-04-06T08:00:38.058+0000] {local_task_job.py:208} INFO - Task exited with return code 0
[2025-04-06T08:00:38.076+0000] {taskinstance.py:2578} INFO - 0 downstream tasks scheduled from follow-on schedule check
