[2025-04-05T08:46:44.778+0000] {taskinstance.py:1083} INFO - Dependencies all met for <TaskInstance: alpha_vantage_pipeline.spark_transform manual__2025-04-05T08:46:39.256850+00:00 [queued]>
[2025-04-05T08:46:44.785+0000] {taskinstance.py:1083} INFO - Dependencies all met for <TaskInstance: alpha_vantage_pipeline.spark_transform manual__2025-04-05T08:46:39.256850+00:00 [queued]>
[2025-04-05T08:46:44.785+0000] {taskinstance.py:1279} INFO - 
--------------------------------------------------------------------------------
[2025-04-05T08:46:44.785+0000] {taskinstance.py:1280} INFO - Starting attempt 1 of 2
[2025-04-05T08:46:44.786+0000] {taskinstance.py:1281} INFO - 
--------------------------------------------------------------------------------
[2025-04-05T08:46:44.796+0000] {taskinstance.py:1300} INFO - Executing <Task(PythonOperator): spark_transform> on 2025-04-05 08:46:39.256850+00:00
[2025-04-05T08:46:44.804+0000] {standard_task_runner.py:55} INFO - Started process 198 to run task
[2025-04-05T08:46:44.807+0000] {standard_task_runner.py:82} INFO - Running: ['***', 'tasks', 'run', 'alpha_vantage_pipeline', 'spark_transform', 'manual__2025-04-05T08:46:39.256850+00:00', '--job-id', '67', '--raw', '--subdir', 'DAGS_FOLDER/alpha_vantage_pipeline.py', '--cfg-path', '/tmp/tmpx2mz32is']
[2025-04-05T08:46:44.808+0000] {standard_task_runner.py:83} INFO - Job 67: Subtask spark_transform
[2025-04-05T08:46:44.870+0000] {task_command.py:388} INFO - Running <TaskInstance: alpha_vantage_pipeline.spark_transform manual__2025-04-05T08:46:39.256850+00:00 [running]> on host 072190d48754
[2025-04-05T08:46:44.931+0000] {taskinstance.py:1509} INFO - Exporting the following env vars:
AIRFLOW_CTX_DAG_OWNER=***
AIRFLOW_CTX_DAG_ID=alpha_vantage_pipeline
AIRFLOW_CTX_TASK_ID=spark_transform
AIRFLOW_CTX_EXECUTION_DATE=2025-04-05T08:46:39.256850+00:00
AIRFLOW_CTX_TRY_NUMBER=1
AIRFLOW_CTX_DAG_RUN_ID=manual__2025-04-05T08:46:39.256850+00:00
[2025-04-05T08:46:48.883+0000] {python.py:177} INFO - Done. Returned value was: None
[2025-04-05T08:46:48.903+0000] {taskinstance.py:1323} INFO - Marking task as SUCCESS. dag_id=alpha_vantage_pipeline, task_id=spark_transform, execution_date=20250405T084639, start_date=20250405T084644, end_date=20250405T084648
[2025-04-05T08:46:48.958+0000] {local_task_job.py:208} INFO - Task exited with return code 0
[2025-04-05T08:46:49.003+0000] {taskinstance.py:2578} INFO - 1 downstream tasks scheduled from follow-on schedule check
