[2025-04-06T01:00:12.589+0000] {taskinstance.py:1083} INFO - Dependencies all met for <TaskInstance: alpha_vantage_pipeline.spark_transform scheduled__2025-04-06T00:30:00+00:00 [queued]>
[2025-04-06T01:00:12.615+0000] {taskinstance.py:1083} INFO - Dependencies all met for <TaskInstance: alpha_vantage_pipeline.spark_transform scheduled__2025-04-06T00:30:00+00:00 [queued]>
[2025-04-06T01:00:12.615+0000] {taskinstance.py:1279} INFO - 
--------------------------------------------------------------------------------
[2025-04-06T01:00:12.616+0000] {taskinstance.py:1280} INFO - Starting attempt 1 of 2
[2025-04-06T01:00:12.616+0000] {taskinstance.py:1281} INFO - 
--------------------------------------------------------------------------------
[2025-04-06T01:00:12.657+0000] {taskinstance.py:1300} INFO - Executing <Task(PythonOperator): spark_transform> on 2025-04-06 00:30:00+00:00
[2025-04-06T01:00:12.679+0000] {standard_task_runner.py:55} INFO - Started process 183 to run task
[2025-04-06T01:00:12.692+0000] {standard_task_runner.py:82} INFO - Running: ['***', 'tasks', 'run', 'alpha_vantage_pipeline', 'spark_transform', 'scheduled__2025-04-06T00:30:00+00:00', '--job-id', '256', '--raw', '--subdir', 'DAGS_FOLDER/alpha_vantage_pipeline.py', '--cfg-path', '/tmp/tmpsh8igh2t']
[2025-04-06T01:00:12.702+0000] {standard_task_runner.py:83} INFO - Job 256: Subtask spark_transform
[2025-04-06T01:00:12.945+0000] {task_command.py:388} INFO - Running <TaskInstance: alpha_vantage_pipeline.spark_transform scheduled__2025-04-06T00:30:00+00:00 [running]> on host aca641349d5d
[2025-04-06T01:00:13.716+0000] {taskinstance.py:1509} INFO - Exporting the following env vars:
AIRFLOW_CTX_DAG_OWNER=***
AIRFLOW_CTX_DAG_ID=alpha_vantage_pipeline
AIRFLOW_CTX_TASK_ID=spark_transform
AIRFLOW_CTX_EXECUTION_DATE=2025-04-06T00:30:00+00:00
AIRFLOW_CTX_TRY_NUMBER=1
AIRFLOW_CTX_DAG_RUN_ID=scheduled__2025-04-06T00:30:00+00:00
[2025-04-06T01:00:28.079+0000] {python.py:177} INFO - Done. Returned value was: None
[2025-04-06T01:00:28.109+0000] {taskinstance.py:1323} INFO - Marking task as SUCCESS. dag_id=alpha_vantage_pipeline, task_id=spark_transform, execution_date=20250406T003000, start_date=20250406T010012, end_date=20250406T010028
[2025-04-06T01:00:28.148+0000] {local_task_job.py:208} INFO - Task exited with return code 0
[2025-04-06T01:00:28.188+0000] {taskinstance.py:2578} INFO - 1 downstream tasks scheduled from follow-on schedule check
