[2025-04-05T13:20:03.353+0000] {taskinstance.py:1083} INFO - Dependencies all met for <TaskInstance: alpha_vantage_pipeline.ingest_alpha_data scheduled__2025-04-05T12:30:00+00:00 [queued]>
[2025-04-05T13:20:03.433+0000] {taskinstance.py:1083} INFO - Dependencies all met for <TaskInstance: alpha_vantage_pipeline.ingest_alpha_data scheduled__2025-04-05T12:30:00+00:00 [queued]>
[2025-04-05T13:20:03.434+0000] {taskinstance.py:1279} INFO - 
--------------------------------------------------------------------------------
[2025-04-05T13:20:03.434+0000] {taskinstance.py:1280} INFO - Starting attempt 1 of 2
[2025-04-05T13:20:03.436+0000] {taskinstance.py:1281} INFO - 
--------------------------------------------------------------------------------
[2025-04-05T13:20:03.497+0000] {taskinstance.py:1300} INFO - Executing <Task(PythonOperator): ingest_alpha_data> on 2025-04-05 12:30:00+00:00
[2025-04-05T13:20:03.523+0000] {standard_task_runner.py:55} INFO - Started process 173 to run task
[2025-04-05T13:20:03.532+0000] {standard_task_runner.py:82} INFO - Running: ['***', 'tasks', 'run', 'alpha_vantage_pipeline', 'ingest_alpha_data', 'scheduled__2025-04-05T12:30:00+00:00', '--job-id', '202', '--raw', '--subdir', 'DAGS_FOLDER/alpha_vantage_pipeline.py', '--cfg-path', '/tmp/tmppjla80pl']
[2025-04-05T13:20:03.545+0000] {standard_task_runner.py:83} INFO - Job 202: Subtask ingest_alpha_data
[2025-04-05T13:20:03.784+0000] {task_command.py:388} INFO - Running <TaskInstance: alpha_vantage_pipeline.ingest_alpha_data scheduled__2025-04-05T12:30:00+00:00 [running]> on host 880ad7b30d37
[2025-04-05T13:20:04.207+0000] {taskinstance.py:1509} INFO - Exporting the following env vars:
AIRFLOW_CTX_DAG_OWNER=***
AIRFLOW_CTX_DAG_ID=alpha_vantage_pipeline
AIRFLOW_CTX_TASK_ID=ingest_alpha_data
AIRFLOW_CTX_EXECUTION_DATE=2025-04-05T12:30:00+00:00
AIRFLOW_CTX_TRY_NUMBER=1
AIRFLOW_CTX_DAG_RUN_ID=scheduled__2025-04-05T12:30:00+00:00
[2025-04-05T13:20:06.308+0000] {logging_mixin.py:137} INFO - [INFO] Uploaded USO -> raw/alpha_vantage/USO/2025-04-05-13-20.csv
[2025-04-05T13:20:07.578+0000] {logging_mixin.py:137} INFO - [INFO] Uploaded AAPL -> raw/alpha_vantage/AAPL/2025-04-05-13-20.csv
[2025-04-05T13:20:08.230+0000] {logging_mixin.py:137} INFO - [INFO] Uploaded QQQ -> raw/alpha_vantage/QQQ/2025-04-05-13-20.csv
[2025-04-05T13:20:08.928+0000] {logging_mixin.py:137} INFO - [INFO] Uploaded realtime AUD_CNY -> raw/alpha_vantage/AUD_CNY/2025-04-05-13-20.csv
[2025-04-05T13:20:10.025+0000] {logging_mixin.py:137} INFO - [INFO] Uploaded realtime USD_CNY -> raw/alpha_vantage/USD_CNY/2025-04-05-13-20.csv
[2025-04-05T13:20:10.026+0000] {python.py:177} INFO - Done. Returned value was: None
[2025-04-05T13:20:10.119+0000] {taskinstance.py:1323} INFO - Marking task as SUCCESS. dag_id=alpha_vantage_pipeline, task_id=ingest_alpha_data, execution_date=20250405T123000, start_date=20250405T132003, end_date=20250405T132010
[2025-04-05T13:20:10.192+0000] {local_task_job.py:208} INFO - Task exited with return code 0
[2025-04-05T13:20:10.314+0000] {taskinstance.py:2578} INFO - 1 downstream tasks scheduled from follow-on schedule check
