[2025-04-05T10:35:42.843+0000] {taskinstance.py:1083} INFO - Dependencies all met for <TaskInstance: alpha_vantage_pipeline.dbt_run scheduled__2025-04-05T10:00:00+00:00 [queued]>
[2025-04-05T10:35:42.856+0000] {taskinstance.py:1083} INFO - Dependencies all met for <TaskInstance: alpha_vantage_pipeline.dbt_run scheduled__2025-04-05T10:00:00+00:00 [queued]>
[2025-04-05T10:35:42.857+0000] {taskinstance.py:1279} INFO - 
--------------------------------------------------------------------------------
[2025-04-05T10:35:42.857+0000] {taskinstance.py:1280} INFO - Starting attempt 1 of 2
[2025-04-05T10:35:42.857+0000] {taskinstance.py:1281} INFO - 
--------------------------------------------------------------------------------
[2025-04-05T10:35:42.880+0000] {taskinstance.py:1300} INFO - Executing <Task(PythonOperator): dbt_run> on 2025-04-05 10:00:00+00:00
[2025-04-05T10:35:42.897+0000] {standard_task_runner.py:55} INFO - Started process 249 to run task
[2025-04-05T10:35:42.904+0000] {standard_task_runner.py:82} INFO - Running: ['***', 'tasks', 'run', 'alpha_vantage_pipeline', 'dbt_run', 'scheduled__2025-04-05T10:00:00+00:00', '--job-id', '87', '--raw', '--subdir', 'DAGS_FOLDER/alpha_vantage_pipeline.py', '--cfg-path', '/tmp/tmpr6z4tioh']
[2025-04-05T10:35:42.907+0000] {standard_task_runner.py:83} INFO - Job 87: Subtask dbt_run
[2025-04-05T10:35:43.051+0000] {task_command.py:388} INFO - Running <TaskInstance: alpha_vantage_pipeline.dbt_run scheduled__2025-04-05T10:00:00+00:00 [running]> on host f3c96279a1c9
[2025-04-05T10:35:43.164+0000] {taskinstance.py:1509} INFO - Exporting the following env vars:
AIRFLOW_CTX_DAG_OWNER=***
AIRFLOW_CTX_DAG_ID=alpha_vantage_pipeline
AIRFLOW_CTX_TASK_ID=dbt_run
AIRFLOW_CTX_EXECUTION_DATE=2025-04-05T10:00:00+00:00
AIRFLOW_CTX_TRY_NUMBER=1
AIRFLOW_CTX_DAG_RUN_ID=scheduled__2025-04-05T10:00:00+00:00
[2025-04-05T10:35:58.303+0000] {python.py:177} INFO - Done. Returned value was: None
[2025-04-05T10:35:58.350+0000] {taskinstance.py:1323} INFO - Marking task as SUCCESS. dag_id=alpha_vantage_pipeline, task_id=dbt_run, execution_date=20250405T100000, start_date=20250405T103542, end_date=20250405T103558
[2025-04-05T10:35:58.404+0000] {local_task_job.py:208} INFO - Task exited with return code 0
[2025-04-05T10:35:58.446+0000] {taskinstance.py:2578} INFO - 1 downstream tasks scheduled from follow-on schedule check
