[2025-04-05T10:55:24.659+0000] {taskinstance.py:1083} INFO - Dependencies all met for <TaskInstance: alpha_vantage_pipeline.spark_transform manual__2025-04-05T10:55:18.001889+00:00 [queued]>
[2025-04-05T10:55:24.666+0000] {taskinstance.py:1083} INFO - Dependencies all met for <TaskInstance: alpha_vantage_pipeline.spark_transform manual__2025-04-05T10:55:18.001889+00:00 [queued]>
[2025-04-05T10:55:24.666+0000] {taskinstance.py:1279} INFO - 
--------------------------------------------------------------------------------
[2025-04-05T10:55:24.666+0000] {taskinstance.py:1280} INFO - Starting attempt 1 of 2
[2025-04-05T10:55:24.666+0000] {taskinstance.py:1281} INFO - 
--------------------------------------------------------------------------------
[2025-04-05T10:55:24.678+0000] {taskinstance.py:1300} INFO - Executing <Task(PythonOperator): spark_transform> on 2025-04-05 10:55:18.001889+00:00
[2025-04-05T10:55:24.685+0000] {standard_task_runner.py:55} INFO - Started process 188 to run task
[2025-04-05T10:55:24.688+0000] {standard_task_runner.py:82} INFO - Running: ['***', 'tasks', 'run', 'alpha_vantage_pipeline', 'spark_transform', 'manual__2025-04-05T10:55:18.001889+00:00', '--job-id', '111', '--raw', '--subdir', 'DAGS_FOLDER/alpha_vantage_pipeline.py', '--cfg-path', '/tmp/tmpfs1l5pf3']
[2025-04-05T10:55:24.690+0000] {standard_task_runner.py:83} INFO - Job 111: Subtask spark_transform
[2025-04-05T10:55:24.747+0000] {task_command.py:388} INFO - Running <TaskInstance: alpha_vantage_pipeline.spark_transform manual__2025-04-05T10:55:18.001889+00:00 [running]> on host eccb4f050c52
[2025-04-05T10:55:24.883+0000] {taskinstance.py:1509} INFO - Exporting the following env vars:
AIRFLOW_CTX_DAG_OWNER=***
AIRFLOW_CTX_DAG_ID=alpha_vantage_pipeline
AIRFLOW_CTX_TASK_ID=spark_transform
AIRFLOW_CTX_EXECUTION_DATE=2025-04-05T10:55:18.001889+00:00
AIRFLOW_CTX_TRY_NUMBER=1
AIRFLOW_CTX_DAG_RUN_ID=manual__2025-04-05T10:55:18.001889+00:00
[2025-04-05T10:55:29.042+0000] {python.py:177} INFO - Done. Returned value was: None
[2025-04-05T10:55:29.055+0000] {taskinstance.py:1323} INFO - Marking task as SUCCESS. dag_id=alpha_vantage_pipeline, task_id=spark_transform, execution_date=20250405T105518, start_date=20250405T105524, end_date=20250405T105529
[2025-04-05T10:55:29.085+0000] {local_task_job.py:208} INFO - Task exited with return code 0
[2025-04-05T10:55:29.111+0000] {taskinstance.py:2578} INFO - 1 downstream tasks scheduled from follow-on schedule check
