[2025-04-06T12:56:20.327+0000] {taskinstance.py:1083} INFO - Dependencies all met for <TaskInstance: alpha_vantage_pipeline.load_forex scheduled__2025-04-06T08:00:00+00:00 [queued]>
[2025-04-06T12:56:20.352+0000] {taskinstance.py:1083} INFO - Dependencies all met for <TaskInstance: alpha_vantage_pipeline.load_forex scheduled__2025-04-06T08:00:00+00:00 [queued]>
[2025-04-06T12:56:20.353+0000] {taskinstance.py:1279} INFO - 
--------------------------------------------------------------------------------
[2025-04-06T12:56:20.354+0000] {taskinstance.py:1280} INFO - Starting attempt 1 of 2
[2025-04-06T12:56:20.354+0000] {taskinstance.py:1281} INFO - 
--------------------------------------------------------------------------------
[2025-04-06T12:56:20.393+0000] {taskinstance.py:1300} INFO - Executing <Task(GCSToBigQueryOperator): load_forex> on 2025-04-06 08:00:00+00:00
[2025-04-06T12:56:20.416+0000] {standard_task_runner.py:55} INFO - Started process 288 to run task
[2025-04-06T12:56:20.432+0000] {standard_task_runner.py:82} INFO - Running: ['***', 'tasks', 'run', 'alpha_vantage_pipeline', 'load_forex', 'scheduled__2025-04-06T08:00:00+00:00', '--job-id', '317', '--raw', '--subdir', 'DAGS_FOLDER/alpha_vantage_pipeline.py', '--cfg-path', '/tmp/tmpn4ub4l0z']
[2025-04-06T12:56:20.437+0000] {standard_task_runner.py:83} INFO - Job 317: Subtask load_forex
[2025-04-06T12:56:20.786+0000] {task_command.py:388} INFO - Running <TaskInstance: alpha_vantage_pipeline.load_forex scheduled__2025-04-06T08:00:00+00:00 [running]> on host 33ec86a0fe7a
[2025-04-06T12:56:21.183+0000] {taskinstance.py:1509} INFO - Exporting the following env vars:
AIRFLOW_CTX_DAG_OWNER=***
AIRFLOW_CTX_DAG_ID=alpha_vantage_pipeline
AIRFLOW_CTX_TASK_ID=load_forex
AIRFLOW_CTX_EXECUTION_DATE=2025-04-06T08:00:00+00:00
AIRFLOW_CTX_TRY_NUMBER=1
AIRFLOW_CTX_DAG_RUN_ID=scheduled__2025-04-06T08:00:00+00:00
[2025-04-06T12:56:21.260+0000] {base.py:73} INFO - Using connection ID 'google_cloud_default' for task execution.
[2025-04-06T12:56:21.263+0000] {gcs_to_bigquery.py:377} INFO - Using existing BigQuery table for storing data...
[2025-04-06T12:56:21.280+0000] {credentials_provider.py:323} INFO - Getting connection using `google.auth.default()` since no key file is defined for hook.
[2025-04-06T12:56:21.541+0000] {gcs_to_bigquery.py:381} INFO - Executing: {'load': {'autodetect': True, 'createDisposition': 'CREATE_IF_NEEDED', 'destinationTable': {'projectId': 'finflow-455108', 'datasetId': 'my_dataset', 'tableId': 'final_table_forex'}, 'sourceFormat': 'CSV', 'sourceUris': ['gs://finflow-455108-data-lake/raw/alpha_vantage/AUD_CNY/*.csv', 'gs://finflow-455108-data-lake/raw/alpha_vantage/USD_CNY/*.csv'], 'writeDisposition': 'WRITE_APPEND', 'ignoreUnknownValues': False, 'skipLeadingRows': None, 'fieldDelimiter': ',', 'quote': None, 'allowQuotedNewlines': False, 'encoding': 'UTF-8'}}
[2025-04-06T12:56:21.549+0000] {bigquery.py:1542} INFO - Inserting job ***_alpha_vantage_pipeline_load_forex_2025_04_06T08_00_00_00_00_cd6efe4a774e0dd4e6c7b349f5755cbb
[2025-04-06T12:56:27.594+0000] {taskinstance.py:1323} INFO - Marking task as SUCCESS. dag_id=alpha_vantage_pipeline, task_id=load_forex, execution_date=20250406T080000, start_date=20250406T125620, end_date=20250406T125627
[2025-04-06T12:56:27.705+0000] {local_task_job.py:208} INFO - Task exited with return code 0
[2025-04-06T12:56:27.852+0000] {taskinstance.py:2578} INFO - 1 downstream tasks scheduled from follow-on schedule check
