[2025-04-06T06:01:03.283+0000] {taskinstance.py:1083} INFO - Dependencies all met for <TaskInstance: alpha_vantage_pipeline.analysis_task scheduled__2025-04-06T05:30:00+00:00 [queued]>
[2025-04-06T06:01:03.291+0000] {taskinstance.py:1083} INFO - Dependencies all met for <TaskInstance: alpha_vantage_pipeline.analysis_task scheduled__2025-04-06T05:30:00+00:00 [queued]>
[2025-04-06T06:01:03.291+0000] {taskinstance.py:1279} INFO - 
--------------------------------------------------------------------------------
[2025-04-06T06:01:03.291+0000] {taskinstance.py:1280} INFO - Starting attempt 1 of 2
[2025-04-06T06:01:03.291+0000] {taskinstance.py:1281} INFO - 
--------------------------------------------------------------------------------
[2025-04-06T06:01:03.305+0000] {taskinstance.py:1300} INFO - Executing <Task(PythonOperator): analysis_task> on 2025-04-06 05:30:00+00:00
[2025-04-06T06:01:03.313+0000] {standard_task_runner.py:55} INFO - Started process 259 to run task
[2025-04-06T06:01:03.316+0000] {standard_task_runner.py:82} INFO - Running: ['***', 'tasks', 'run', 'alpha_vantage_pipeline', 'analysis_task', 'scheduled__2025-04-06T05:30:00+00:00', '--job-id', '298', '--raw', '--subdir', 'DAGS_FOLDER/alpha_vantage_pipeline.py', '--cfg-path', '/tmp/tmpahds4akv']
[2025-04-06T06:01:03.317+0000] {standard_task_runner.py:83} INFO - Job 298: Subtask analysis_task
[2025-04-06T06:01:03.384+0000] {task_command.py:388} INFO - Running <TaskInstance: alpha_vantage_pipeline.analysis_task scheduled__2025-04-06T05:30:00+00:00 [running]> on host aca641349d5d
[2025-04-06T06:01:03.451+0000] {taskinstance.py:1509} INFO - Exporting the following env vars:
AIRFLOW_CTX_DAG_OWNER=***
AIRFLOW_CTX_DAG_ID=alpha_vantage_pipeline
AIRFLOW_CTX_TASK_ID=analysis_task
AIRFLOW_CTX_EXECUTION_DATE=2025-04-06T05:30:00+00:00
AIRFLOW_CTX_TRY_NUMBER=1
AIRFLOW_CTX_DAG_RUN_ID=scheduled__2025-04-06T05:30:00+00:00
[2025-04-06T06:01:04.790+0000] {logging_mixin.py:137} INFO - [INFO] Average close by stock symbol:
[2025-04-06T06:01:05.160+0000] {logging_mixin.py:137} INFO - Symbol=USO,  AvgClose=72.44160000000001
[2025-04-06T06:01:05.160+0000] {logging_mixin.py:137} INFO - Symbol=AAPL,  AvgClose=206.53880200000012
[2025-04-06T06:01:05.160+0000] {logging_mixin.py:137} INFO - Symbol=QQQ,  AvgClose=452.6404920000002
[2025-04-06T06:01:06.045+0000] {logging_mixin.py:137} INFO - 
[INFO] Average exchange rate by forex symbol:
[2025-04-06T06:01:06.348+0000] {logging_mixin.py:137} INFO - Symbol=AUD/CNY,  AvgFX=4.3942
[2025-04-06T06:01:06.348+0000] {logging_mixin.py:137} INFO - Symbol=USD/CNY,  AvgFX=7.2808
[2025-04-06T06:01:06.349+0000] {python.py:177} INFO - Done. Returned value was: None
[2025-04-06T06:01:06.366+0000] {taskinstance.py:1323} INFO - Marking task as SUCCESS. dag_id=alpha_vantage_pipeline, task_id=analysis_task, execution_date=20250406T053000, start_date=20250406T060103, end_date=20250406T060106
[2025-04-06T06:01:06.421+0000] {local_task_job.py:208} INFO - Task exited with return code 0
[2025-04-06T06:01:06.447+0000] {taskinstance.py:2578} INFO - 0 downstream tasks scheduled from follow-on schedule check
