[2025-04-06T01:13:53.739+0000] {taskinstance.py:1083} INFO - Dependencies all met for <TaskInstance: alpha_vantage_pipeline.spark_transform manual__2025-04-06T01:13:47.042017+00:00 [queued]>
[2025-04-06T01:13:53.748+0000] {taskinstance.py:1083} INFO - Dependencies all met for <TaskInstance: alpha_vantage_pipeline.spark_transform manual__2025-04-06T01:13:47.042017+00:00 [queued]>
[2025-04-06T01:13:53.748+0000] {taskinstance.py:1279} INFO - 
--------------------------------------------------------------------------------
[2025-04-06T01:13:53.748+0000] {taskinstance.py:1280} INFO - Starting attempt 1 of 2
[2025-04-06T01:13:53.748+0000] {taskinstance.py:1281} INFO - 
--------------------------------------------------------------------------------
[2025-04-06T01:13:53.759+0000] {taskinstance.py:1300} INFO - Executing <Task(PythonOperator): spark_transform> on 2025-04-06 01:13:47.042017+00:00
[2025-04-06T01:13:53.767+0000] {standard_task_runner.py:55} INFO - Started process 199 to run task
[2025-04-06T01:13:53.770+0000] {standard_task_runner.py:82} INFO - Running: ['***', 'tasks', 'run', 'alpha_vantage_pipeline', 'spark_transform', 'manual__2025-04-06T01:13:47.042017+00:00', '--job-id', '263', '--raw', '--subdir', 'DAGS_FOLDER/alpha_vantage_pipeline.py', '--cfg-path', '/tmp/tmpfyz7benp']
[2025-04-06T01:13:53.772+0000] {standard_task_runner.py:83} INFO - Job 263: Subtask spark_transform
[2025-04-06T01:13:53.834+0000] {task_command.py:388} INFO - Running <TaskInstance: alpha_vantage_pipeline.spark_transform manual__2025-04-06T01:13:47.042017+00:00 [running]> on host aca641349d5d
[2025-04-06T01:13:53.897+0000] {taskinstance.py:1509} INFO - Exporting the following env vars:
AIRFLOW_CTX_DAG_OWNER=***
AIRFLOW_CTX_DAG_ID=alpha_vantage_pipeline
AIRFLOW_CTX_TASK_ID=spark_transform
AIRFLOW_CTX_EXECUTION_DATE=2025-04-06T01:13:47.042017+00:00
AIRFLOW_CTX_TRY_NUMBER=1
AIRFLOW_CTX_DAG_RUN_ID=manual__2025-04-06T01:13:47.042017+00:00
[2025-04-06T01:13:57.701+0000] {python.py:177} INFO - Done. Returned value was: None
[2025-04-06T01:13:57.714+0000] {taskinstance.py:1323} INFO - Marking task as SUCCESS. dag_id=alpha_vantage_pipeline, task_id=spark_transform, execution_date=20250406T011347, start_date=20250406T011353, end_date=20250406T011357
[2025-04-06T01:13:57.754+0000] {local_task_job.py:208} INFO - Task exited with return code 0
[2025-04-06T01:13:57.783+0000] {taskinstance.py:2578} INFO - 1 downstream tasks scheduled from follow-on schedule check
