[2025-04-05T11:13:22.424+0000] {taskinstance.py:1083} INFO - Dependencies all met for <TaskInstance: alpha_vantage_pipeline.spark_transform manual__2025-04-05T11:13:14.349807+00:00 [queued]>
[2025-04-05T11:13:22.432+0000] {taskinstance.py:1083} INFO - Dependencies all met for <TaskInstance: alpha_vantage_pipeline.spark_transform manual__2025-04-05T11:13:14.349807+00:00 [queued]>
[2025-04-05T11:13:22.432+0000] {taskinstance.py:1279} INFO - 
--------------------------------------------------------------------------------
[2025-04-05T11:13:22.432+0000] {taskinstance.py:1280} INFO - Starting attempt 1 of 2
[2025-04-05T11:13:22.432+0000] {taskinstance.py:1281} INFO - 
--------------------------------------------------------------------------------
[2025-04-05T11:13:22.444+0000] {taskinstance.py:1300} INFO - Executing <Task(PythonOperator): spark_transform> on 2025-04-05 11:13:14.349807+00:00
[2025-04-05T11:13:22.452+0000] {standard_task_runner.py:55} INFO - Started process 195 to run task
[2025-04-05T11:13:22.455+0000] {standard_task_runner.py:82} INFO - Running: ['***', 'tasks', 'run', 'alpha_vantage_pipeline', 'spark_transform', 'manual__2025-04-05T11:13:14.349807+00:00', '--job-id', '134', '--raw', '--subdir', 'DAGS_FOLDER/alpha_vantage_pipeline.py', '--cfg-path', '/tmp/tmpyhgrkbnl']
[2025-04-05T11:13:22.456+0000] {standard_task_runner.py:83} INFO - Job 134: Subtask spark_transform
[2025-04-05T11:13:22.534+0000] {task_command.py:388} INFO - Running <TaskInstance: alpha_vantage_pipeline.spark_transform manual__2025-04-05T11:13:14.349807+00:00 [running]> on host 31979a116a32
[2025-04-05T11:13:22.603+0000] {taskinstance.py:1509} INFO - Exporting the following env vars:
AIRFLOW_CTX_DAG_OWNER=***
AIRFLOW_CTX_DAG_ID=alpha_vantage_pipeline
AIRFLOW_CTX_TASK_ID=spark_transform
AIRFLOW_CTX_EXECUTION_DATE=2025-04-05T11:13:14.349807+00:00
AIRFLOW_CTX_TRY_NUMBER=1
AIRFLOW_CTX_DAG_RUN_ID=manual__2025-04-05T11:13:14.349807+00:00
[2025-04-05T11:13:26.650+0000] {python.py:177} INFO - Done. Returned value was: None
[2025-04-05T11:13:26.663+0000] {taskinstance.py:1323} INFO - Marking task as SUCCESS. dag_id=alpha_vantage_pipeline, task_id=spark_transform, execution_date=20250405T111314, start_date=20250405T111322, end_date=20250405T111326
[2025-04-05T11:13:26.691+0000] {local_task_job.py:208} INFO - Task exited with return code 0
[2025-04-05T11:13:26.718+0000] {taskinstance.py:2578} INFO - 1 downstream tasks scheduled from follow-on schedule check
