[2025-04-05T13:27:29.923+0000] {taskinstance.py:1083} INFO - Dependencies all met for <TaskInstance: alpha_vantage_pipeline.ingest_alpha_data manual__2025-04-05T13:27:28.228910+00:00 [queued]>
[2025-04-05T13:27:29.931+0000] {taskinstance.py:1083} INFO - Dependencies all met for <TaskInstance: alpha_vantage_pipeline.ingest_alpha_data manual__2025-04-05T13:27:28.228910+00:00 [queued]>
[2025-04-05T13:27:29.931+0000] {taskinstance.py:1279} INFO - 
--------------------------------------------------------------------------------
[2025-04-05T13:27:29.931+0000] {taskinstance.py:1280} INFO - Starting attempt 1 of 2
[2025-04-05T13:27:29.931+0000] {taskinstance.py:1281} INFO - 
--------------------------------------------------------------------------------
[2025-04-05T13:27:29.942+0000] {taskinstance.py:1300} INFO - Executing <Task(PythonOperator): ingest_alpha_data> on 2025-04-05 13:27:28.228910+00:00
[2025-04-05T13:27:29.950+0000] {standard_task_runner.py:55} INFO - Started process 406 to run task
[2025-04-05T13:27:29.953+0000] {standard_task_runner.py:82} INFO - Running: ['***', 'tasks', 'run', 'alpha_vantage_pipeline', 'ingest_alpha_data', 'manual__2025-04-05T13:27:28.228910+00:00', '--job-id', '207', '--raw', '--subdir', 'DAGS_FOLDER/alpha_vantage_pipeline.py', '--cfg-path', '/tmp/tmpb9vdwikg']
[2025-04-05T13:27:29.955+0000] {standard_task_runner.py:83} INFO - Job 207: Subtask ingest_alpha_data
[2025-04-05T13:27:30.025+0000] {task_command.py:388} INFO - Running <TaskInstance: alpha_vantage_pipeline.ingest_alpha_data manual__2025-04-05T13:27:28.228910+00:00 [running]> on host 880ad7b30d37
[2025-04-05T13:27:30.086+0000] {taskinstance.py:1509} INFO - Exporting the following env vars:
AIRFLOW_CTX_DAG_OWNER=***
AIRFLOW_CTX_DAG_ID=alpha_vantage_pipeline
AIRFLOW_CTX_TASK_ID=ingest_alpha_data
AIRFLOW_CTX_EXECUTION_DATE=2025-04-05T13:27:28.228910+00:00
AIRFLOW_CTX_TRY_NUMBER=1
AIRFLOW_CTX_DAG_RUN_ID=manual__2025-04-05T13:27:28.228910+00:00
[2025-04-05T13:27:31.721+0000] {logging_mixin.py:137} INFO - [INFO] Uploaded USO -> raw/alpha_vantage/USO/2025-04-05-13-27.csv
[2025-04-05T13:27:32.494+0000] {logging_mixin.py:137} INFO - [INFO] Uploaded AAPL -> raw/alpha_vantage/AAPL/2025-04-05-13-27.csv
[2025-04-05T13:27:33.267+0000] {logging_mixin.py:137} INFO - [INFO] Uploaded QQQ -> raw/alpha_vantage/QQQ/2025-04-05-13-27.csv
[2025-04-05T13:27:33.863+0000] {logging_mixin.py:137} INFO - [INFO] Uploaded realtime AUD_CNY -> raw/alpha_vantage/AUD_CNY/2025-04-05-13-27.csv
[2025-04-05T13:27:34.400+0000] {logging_mixin.py:137} INFO - [INFO] Uploaded realtime USD_CNY -> raw/alpha_vantage/USD_CNY/2025-04-05-13-27.csv
[2025-04-05T13:27:34.400+0000] {python.py:177} INFO - Done. Returned value was: None
[2025-04-05T13:27:34.413+0000] {taskinstance.py:1323} INFO - Marking task as SUCCESS. dag_id=alpha_vantage_pipeline, task_id=ingest_alpha_data, execution_date=20250405T132728, start_date=20250405T132729, end_date=20250405T132734
[2025-04-05T13:27:34.438+0000] {local_task_job.py:208} INFO - Task exited with return code 0
[2025-04-05T13:27:34.464+0000] {taskinstance.py:2578} INFO - 1 downstream tasks scheduled from follow-on schedule check
