[2025-04-05T10:55:30.023+0000] {taskinstance.py:1083} INFO - Dependencies all met for <TaskInstance: alpha_vantage_pipeline.dbt_run manual__2025-04-05T10:55:18.001889+00:00 [queued]>
[2025-04-05T10:55:30.031+0000] {taskinstance.py:1083} INFO - Dependencies all met for <TaskInstance: alpha_vantage_pipeline.dbt_run manual__2025-04-05T10:55:18.001889+00:00 [queued]>
[2025-04-05T10:55:30.031+0000] {taskinstance.py:1279} INFO - 
--------------------------------------------------------------------------------
[2025-04-05T10:55:30.031+0000] {taskinstance.py:1280} INFO - Starting attempt 1 of 2
[2025-04-05T10:55:30.031+0000] {taskinstance.py:1281} INFO - 
--------------------------------------------------------------------------------
[2025-04-05T10:55:30.042+0000] {taskinstance.py:1300} INFO - Executing <Task(PythonOperator): dbt_run> on 2025-04-05 10:55:18.001889+00:00
[2025-04-05T10:55:30.050+0000] {standard_task_runner.py:55} INFO - Started process 249 to run task
[2025-04-05T10:55:30.053+0000] {standard_task_runner.py:82} INFO - Running: ['***', 'tasks', 'run', 'alpha_vantage_pipeline', 'dbt_run', 'manual__2025-04-05T10:55:18.001889+00:00', '--job-id', '112', '--raw', '--subdir', 'DAGS_FOLDER/alpha_vantage_pipeline.py', '--cfg-path', '/tmp/tmp96mhs6a9']
[2025-04-05T10:55:30.054+0000] {standard_task_runner.py:83} INFO - Job 112: Subtask dbt_run
[2025-04-05T10:55:30.109+0000] {task_command.py:388} INFO - Running <TaskInstance: alpha_vantage_pipeline.dbt_run manual__2025-04-05T10:55:18.001889+00:00 [running]> on host eccb4f050c52
[2025-04-05T10:55:30.188+0000] {taskinstance.py:1509} INFO - Exporting the following env vars:
AIRFLOW_CTX_DAG_OWNER=***
AIRFLOW_CTX_DAG_ID=alpha_vantage_pipeline
AIRFLOW_CTX_TASK_ID=dbt_run
AIRFLOW_CTX_EXECUTION_DATE=2025-04-05T10:55:18.001889+00:00
AIRFLOW_CTX_TRY_NUMBER=1
AIRFLOW_CTX_DAG_RUN_ID=manual__2025-04-05T10:55:18.001889+00:00
[2025-04-05T10:55:36.391+0000] {python.py:177} INFO - Done. Returned value was: None
[2025-04-05T10:55:36.417+0000] {taskinstance.py:1323} INFO - Marking task as SUCCESS. dag_id=alpha_vantage_pipeline, task_id=dbt_run, execution_date=20250405T105518, start_date=20250405T105530, end_date=20250405T105536
[2025-04-05T10:55:36.607+0000] {local_task_job.py:208} INFO - Task exited with return code 0
[2025-04-05T10:55:36.652+0000] {taskinstance.py:2578} INFO - 1 downstream tasks scheduled from follow-on schedule check
