[2025-04-05T06:22:22.749+0000] {taskinstance.py:1083} INFO - Dependencies all met for <TaskInstance: alpha_vantage_pipeline.ingest_alpha_data scheduled__2025-04-05T05:30:00+00:00 [queued]>
[2025-04-05T06:22:22.758+0000] {taskinstance.py:1083} INFO - Dependencies all met for <TaskInstance: alpha_vantage_pipeline.ingest_alpha_data scheduled__2025-04-05T05:30:00+00:00 [queued]>
[2025-04-05T06:22:22.758+0000] {taskinstance.py:1279} INFO - 
--------------------------------------------------------------------------------
[2025-04-05T06:22:22.758+0000] {taskinstance.py:1280} INFO - Starting attempt 1 of 2
[2025-04-05T06:22:22.758+0000] {taskinstance.py:1281} INFO - 
--------------------------------------------------------------------------------
[2025-04-05T06:22:22.773+0000] {taskinstance.py:1300} INFO - Executing <Task(PythonOperator): ingest_alpha_data> on 2025-04-05 05:30:00+00:00
[2025-04-05T06:22:22.781+0000] {standard_task_runner.py:55} INFO - Started process 263 to run task
[2025-04-05T06:22:22.784+0000] {standard_task_runner.py:82} INFO - Running: ['***', 'tasks', 'run', 'alpha_vantage_pipeline', 'ingest_alpha_data', 'scheduled__2025-04-05T05:30:00+00:00', '--job-id', '16', '--raw', '--subdir', 'DAGS_FOLDER/alpha_vantage_pipeline.py', '--cfg-path', '/tmp/tmpofumoew0']
[2025-04-05T06:22:22.786+0000] {standard_task_runner.py:83} INFO - Job 16: Subtask ingest_alpha_data
[2025-04-05T06:22:22.854+0000] {task_command.py:388} INFO - Running <TaskInstance: alpha_vantage_pipeline.ingest_alpha_data scheduled__2025-04-05T05:30:00+00:00 [running]> on host fc048f88441f
[2025-04-05T06:22:22.932+0000] {taskinstance.py:1509} INFO - Exporting the following env vars:
AIRFLOW_CTX_DAG_OWNER=***
AIRFLOW_CTX_DAG_ID=alpha_vantage_pipeline
AIRFLOW_CTX_TASK_ID=ingest_alpha_data
AIRFLOW_CTX_EXECUTION_DATE=2025-04-05T05:30:00+00:00
AIRFLOW_CTX_TRY_NUMBER=1
AIRFLOW_CTX_DAG_RUN_ID=scheduled__2025-04-05T05:30:00+00:00
[2025-04-05T06:22:24.936+0000] {logging_mixin.py:137} INFO - [INFO] Uploaded USO -> raw/alpha_vantage/USO/2025-04-05-06-22.csv
[2025-04-05T06:22:26.181+0000] {logging_mixin.py:137} INFO - [INFO] Uploaded AAPL -> raw/alpha_vantage/AAPL/2025-04-05-06-22.csv
[2025-04-05T06:22:26.980+0000] {logging_mixin.py:137} INFO - [INFO] Uploaded QQQ -> raw/alpha_vantage/QQQ/2025-04-05-06-22.csv
[2025-04-05T06:22:27.243+0000] {logging_mixin.py:137} INFO - [WARN] AUD/CNY no data: {'Information': 'Thank you for using Alpha Vantage! This is a premium endpoint. You may subscribe to any of the premium plans at https://www.alphavantage.co/premium/ to instantly unlock all premium endpoints'}
[2025-04-05T06:22:27.502+0000] {logging_mixin.py:137} INFO - [WARN] USD/CNY no data: {'Information': 'Thank you for using Alpha Vantage! This is a premium endpoint. You may subscribe to any of the premium plans at https://www.alphavantage.co/premium/ to instantly unlock all premium endpoints'}
[2025-04-05T06:22:27.502+0000] {python.py:177} INFO - Done. Returned value was: None
[2025-04-05T06:22:27.512+0000] {taskinstance.py:1323} INFO - Marking task as SUCCESS. dag_id=alpha_vantage_pipeline, task_id=ingest_alpha_data, execution_date=20250405T053000, start_date=20250405T062222, end_date=20250405T062227
[2025-04-05T06:22:27.572+0000] {local_task_job.py:208} INFO - Task exited with return code 0
[2025-04-05T06:22:27.600+0000] {taskinstance.py:2578} INFO - 1 downstream tasks scheduled from follow-on schedule check
